[debug] [2024-05-27T14:01:08.234Z] ----------------------------------------------------------------------
[debug] [2024-05-27T14:01:08.241Z] Command:       C:\Program Files\nodejs\node.exe C:\Users\ALY\AppData\Roaming\npm\node_modules\firebase-tools\lib\bin\firebase.js deploy --only functions
[debug] [2024-05-27T14:01:08.243Z] CLI Version:   13.10.1
[debug] [2024-05-27T14:01:08.244Z] Platform:      win32
[debug] [2024-05-27T14:01:08.244Z] Node Version:  v18.16.0
[debug] [2024-05-27T14:01:08.247Z] Time:          Mon May 27 2024 11:01:08 GMT-0300 (Horário Padrão de Brasília)
[debug] [2024-05-27T14:01:08.247Z] ----------------------------------------------------------------------
[debug] 
[debug] [2024-05-27T14:01:08.444Z] > command requires scopes: ["email","openid","https://www.googleapis.com/auth/cloudplatformprojects.readonly","https://www.googleapis.com/auth/firebase","https://www.googleapis.com/auth/cloud-platform"]
[debug] [2024-05-27T14:01:08.445Z] > authorizing via signed-in user (savannapassarela@gmail.com)
[debug] [2024-05-27T14:01:08.446Z] [iam] checking project teste-aa015 for permissions ["cloudfunctions.functions.create","cloudfunctions.functions.delete","cloudfunctions.functions.get","cloudfunctions.functions.list","cloudfunctions.functions.update","cloudfunctions.operations.get","firebase.projects.get"]
[debug] [2024-05-27T14:01:08.452Z] >>> [apiv2][query] POST https://cloudresourcemanager.googleapis.com/v1/projects/teste-aa015:testIamPermissions [none]
[debug] [2024-05-27T14:01:08.453Z] >>> [apiv2][(partial)header] POST https://cloudresourcemanager.googleapis.com/v1/projects/teste-aa015:testIamPermissions x-goog-quota-user=projects/teste-aa015
[debug] [2024-05-27T14:01:08.454Z] >>> [apiv2][body] POST https://cloudresourcemanager.googleapis.com/v1/projects/teste-aa015:testIamPermissions {"permissions":["cloudfunctions.functions.create","cloudfunctions.functions.delete","cloudfunctions.functions.get","cloudfunctions.functions.list","cloudfunctions.functions.update","cloudfunctions.operations.get","firebase.projects.get"]}
[debug] [2024-05-27T14:01:09.498Z] <<< [apiv2][status] POST https://cloudresourcemanager.googleapis.com/v1/projects/teste-aa015:testIamPermissions 200
[debug] [2024-05-27T14:01:09.500Z] <<< [apiv2][body] POST https://cloudresourcemanager.googleapis.com/v1/projects/teste-aa015:testIamPermissions {"permissions":["cloudfunctions.functions.create","cloudfunctions.functions.delete","cloudfunctions.functions.get","cloudfunctions.functions.list","cloudfunctions.functions.update","cloudfunctions.operations.get","firebase.projects.get"]}
[debug] [2024-05-27T14:01:09.501Z] >>> [apiv2][query] POST https://iam.googleapis.com/v1/projects/teste-aa015/serviceAccounts/teste-aa015@appspot.gserviceaccount.com:testIamPermissions [none]
[debug] [2024-05-27T14:01:09.501Z] >>> [apiv2][body] POST https://iam.googleapis.com/v1/projects/teste-aa015/serviceAccounts/teste-aa015@appspot.gserviceaccount.com:testIamPermissions {"permissions":["iam.serviceAccounts.actAs"]}
[debug] [2024-05-27T14:01:10.474Z] <<< [apiv2][status] POST https://iam.googleapis.com/v1/projects/teste-aa015/serviceAccounts/teste-aa015@appspot.gserviceaccount.com:testIamPermissions 200
[debug] [2024-05-27T14:01:10.475Z] <<< [apiv2][body] POST https://iam.googleapis.com/v1/projects/teste-aa015/serviceAccounts/teste-aa015@appspot.gserviceaccount.com:testIamPermissions {"permissions":["iam.serviceAccounts.actAs"]}
[info] 
[info] === Deploying to 'teste-aa015'...
[info] 
[info] i  deploying functions 
[info] +  functions: Finished running predeploy script. 
[debug] [2024-05-27T14:01:10.494Z] >>> [apiv2][query] GET https://firebase.googleapis.com/v1beta1/projects/teste-aa015 [none]
[debug] [2024-05-27T14:01:10.978Z] <<< [apiv2][status] GET https://firebase.googleapis.com/v1beta1/projects/teste-aa015 200
[debug] [2024-05-27T14:01:10.979Z] <<< [apiv2][body] GET https://firebase.googleapis.com/v1beta1/projects/teste-aa015 {"projectId":"teste-aa015","projectNumber":"99960275074","displayName":"ALY-137","name":"projects/teste-aa015","resources":{"hostingSite":"teste-aa015","storageBucket":"teste-aa015.appspot.com","locationId":"southamerica-east1"},"state":"ACTIVE","etag":"1_7e0043c4-2d0f-4eed-8b35-731cde688777"}
[info] i  functions: preparing codebase default for deployment 
[info] i  functions: ensuring required API cloudfunctions.googleapis.com is enabled... 
[info] i  functions: ensuring required API cloudbuild.googleapis.com is enabled... 
[info] i  artifactregistry: ensuring required API artifactregistry.googleapis.com is enabled... 
[debug] [2024-05-27T14:01:10.999Z] >>> [apiv2][query] GET https://serviceusage.googleapis.com/v1/projects/teste-aa015/services/cloudfunctions.googleapis.com [none]
[debug] [2024-05-27T14:01:10.999Z] >>> [apiv2][(partial)header] GET https://serviceusage.googleapis.com/v1/projects/teste-aa015/services/cloudfunctions.googleapis.com x-goog-quota-user=projects/teste-aa015
[debug] [2024-05-27T14:01:11.006Z] >>> [apiv2][query] GET https://serviceusage.googleapis.com/v1/projects/teste-aa015/services/runtimeconfig.googleapis.com [none]
[debug] [2024-05-27T14:01:11.007Z] >>> [apiv2][(partial)header] GET https://serviceusage.googleapis.com/v1/projects/teste-aa015/services/runtimeconfig.googleapis.com x-goog-quota-user=projects/teste-aa015
[debug] [2024-05-27T14:01:11.011Z] >>> [apiv2][query] GET https://serviceusage.googleapis.com/v1/projects/teste-aa015/services/cloudbuild.googleapis.com [none]
[debug] [2024-05-27T14:01:11.012Z] >>> [apiv2][(partial)header] GET https://serviceusage.googleapis.com/v1/projects/teste-aa015/services/cloudbuild.googleapis.com x-goog-quota-user=projects/teste-aa015
[debug] [2024-05-27T14:01:11.015Z] >>> [apiv2][query] GET https://serviceusage.googleapis.com/v1/projects/teste-aa015/services/artifactregistry.googleapis.com [none]
[debug] [2024-05-27T14:01:11.015Z] >>> [apiv2][(partial)header] GET https://serviceusage.googleapis.com/v1/projects/teste-aa015/services/artifactregistry.googleapis.com x-goog-quota-user=projects/teste-aa015
[debug] [2024-05-27T14:01:12.213Z] <<< [apiv2][status] GET https://serviceusage.googleapis.com/v1/projects/teste-aa015/services/runtimeconfig.googleapis.com 200
[debug] [2024-05-27T14:01:12.214Z] <<< [apiv2][body] GET https://serviceusage.googleapis.com/v1/projects/teste-aa015/services/runtimeconfig.googleapis.com [omitted]
[debug] [2024-05-27T14:01:12.240Z] <<< [apiv2][status] GET https://serviceusage.googleapis.com/v1/projects/teste-aa015/services/cloudbuild.googleapis.com 200
[debug] [2024-05-27T14:01:12.241Z] <<< [apiv2][body] GET https://serviceusage.googleapis.com/v1/projects/teste-aa015/services/cloudbuild.googleapis.com [omitted]
[info] +  functions: required API cloudbuild.googleapis.com is enabled 
[debug] [2024-05-27T14:01:12.261Z] <<< [apiv2][status] GET https://serviceusage.googleapis.com/v1/projects/teste-aa015/services/cloudfunctions.googleapis.com 200
[debug] [2024-05-27T14:01:12.262Z] <<< [apiv2][body] GET https://serviceusage.googleapis.com/v1/projects/teste-aa015/services/cloudfunctions.googleapis.com [omitted]
[info] +  functions: required API cloudfunctions.googleapis.com is enabled 
[debug] [2024-05-27T14:01:12.307Z] <<< [apiv2][status] GET https://serviceusage.googleapis.com/v1/projects/teste-aa015/services/artifactregistry.googleapis.com 200
[debug] [2024-05-27T14:01:12.307Z] <<< [apiv2][body] GET https://serviceusage.googleapis.com/v1/projects/teste-aa015/services/artifactregistry.googleapis.com [omitted]
[info] +  artifactregistry: required API artifactregistry.googleapis.com is enabled 
[debug] [2024-05-27T14:01:12.309Z] >>> [apiv2][query] GET https://firebase.googleapis.com/v1beta1/projects/teste-aa015/adminSdkConfig [none]
[debug] [2024-05-27T14:01:12.803Z] <<< [apiv2][status] GET https://firebase.googleapis.com/v1beta1/projects/teste-aa015/adminSdkConfig 200
[debug] [2024-05-27T14:01:12.803Z] <<< [apiv2][body] GET https://firebase.googleapis.com/v1beta1/projects/teste-aa015/adminSdkConfig {"projectId":"teste-aa015","storageBucket":"teste-aa015.appspot.com","locationId":"southamerica-east1"}
[debug] [2024-05-27T14:01:12.806Z] >>> [apiv2][query] GET https://runtimeconfig.googleapis.com/v1beta1/projects/teste-aa015/configs [none]
[debug] [2024-05-27T14:01:14.129Z] <<< [apiv2][status] GET https://runtimeconfig.googleapis.com/v1beta1/projects/teste-aa015/configs 200
[debug] [2024-05-27T14:01:14.129Z] <<< [apiv2][body] GET https://runtimeconfig.googleapis.com/v1beta1/projects/teste-aa015/configs {}
[debug] [2024-05-27T14:01:14.139Z] Validating nodejs source
[debug] [2024-05-27T14:01:18.692Z] > [functions] package.json contents: {
  "name": "functions",
  "description": "Cloud Functions for Firebase",
  "scripts": {
    "lint": "eslint .",
    "serve": "firebase emulators:start --only functions",
    "shell": "firebase functions:shell",
    "start": "npm run shell",
    "deploy": "firebase deploy --only functions",
    "logs": "firebase functions:log"
  },
  "engines": {
    "node": "18"
  },
  "main": "index.js",
  "dependencies": {
    "express": "^4.19.2",
    "firebase-admin": "^12.1.0",
    "firebase-functions": "^5.0.0"
  },
  "devDependencies": {
    "eslint": "^8.15.0",
    "eslint-config-google": "^0.14.0",
    "firebase-functions-test": "^3.1.0"
  },
  "private": false
}
[debug] [2024-05-27T14:01:18.693Z] Building nodejs source
[info] i  functions: Loading and analyzing source code for codebase default to determine what to deploy 
[debug] [2024-05-27T14:01:18.697Z] Could not find functions.yaml. Must use http discovery
[debug] [2024-05-27T14:01:18.726Z] Found firebase-functions binary at 'C:\Users\ALY\Documents\GitHub\ALY-REACT\functions\node_modules\.bin\firebase-functions'
[info] Serving at port 8904

[debug] [2024-05-27T14:01:20.675Z] Got response from /__/functions.yaml {"endpoints":{"addmessage":{"availableMemoryMb":null,"timeoutSeconds":null,"minInstances":null,"maxInstances":null,"ingressSettings":null,"concurrency":null,"serviceAccountEmail":null,"vpc":null,"platform":"gcfv2","labels":{},"httpsTrigger":{},"entryPoint":"addmessage"},"makeuppercase":{"availableMemoryMb":null,"timeoutSeconds":null,"minInstances":null,"maxInstances":null,"ingressSettings":null,"concurrency":null,"serviceAccountEmail":null,"vpc":null,"platform":"gcfv2","labels":{},"eventTrigger":{"eventType":"google.cloud.firestore.document.v1.created","eventFilters":{"database":"(default)","namespace":"(default)"},"eventFilterPathPatterns":{"document":"messages/{documentId}"},"retry":false},"entryPoint":"makeuppercase"}},"specVersion":"v1alpha1","requiredAPIs":[]}
[info] i  functions: preparing functions directory for uploading... 
[info] i  functions: packaged C:\Users\ALY\Documents\GitHub\ALY-REACT\functions (73.34 KB) for uploading 
[debug] [2024-05-27T14:01:20.884Z] >>> [apiv2][query] GET https://cloudfunctions.googleapis.com/v1/projects/teste-aa015/locations/-/functions [none]
[debug] [2024-05-27T14:01:22.093Z] <<< [apiv2][status] GET https://cloudfunctions.googleapis.com/v1/projects/teste-aa015/locations/-/functions 200
[debug] [2024-05-27T14:01:22.093Z] <<< [apiv2][body] GET https://cloudfunctions.googleapis.com/v1/projects/teste-aa015/locations/-/functions {}
[debug] [2024-05-27T14:01:22.097Z] >>> [apiv2][query] GET https://cloudfunctions.googleapis.com/v2/projects/teste-aa015/locations/-/functions filter=environment%3D%22GEN_2%22
[debug] [2024-05-27T14:01:23.466Z] <<< [apiv2][status] GET https://cloudfunctions.googleapis.com/v2/projects/teste-aa015/locations/-/functions 200
[debug] [2024-05-27T14:01:23.466Z] <<< [apiv2][body] GET https://cloudfunctions.googleapis.com/v2/projects/teste-aa015/locations/-/functions {}
[debug] [2024-05-27T14:01:23.469Z] >>> [apiv2][query] GET https://firestore.googleapis.com/v1/projects/teste-aa015/databases/(default) [none]
[debug] [2024-05-27T14:01:23.916Z] <<< [apiv2][status] GET https://firestore.googleapis.com/v1/projects/teste-aa015/databases/(default) 200
[debug] [2024-05-27T14:01:23.916Z] <<< [apiv2][body] GET https://firestore.googleapis.com/v1/projects/teste-aa015/databases/(default) {"name":"projects/teste-aa015/databases/(default)","uid":"e81d084a-0ae4-47f3-8a6b-8de7069c0971","createTime":"2022-07-14T21:58:01.581470Z","updateTime":"2022-07-14T21:58:01.581470Z","locationId":"southamerica-east1","type":"FIRESTORE_NATIVE","concurrencyMode":"PESSIMISTIC","versionRetentionPeriod":"3600s","earliestVersionTime":"2024-05-27T13:01:23.217260Z","appEngineIntegrationMode":"ENABLED","keyPrefix":"i","pointInTimeRecoveryEnablement":"POINT_IN_TIME_RECOVERY_DISABLED","deleteProtectionState":"DELETE_PROTECTION_DISABLED","etag":"IO+D2J7/rYYDMKf1gL/orYYD"}
[info] i  functions: ensuring required API run.googleapis.com is enabled... 
[info] i  functions: ensuring required API eventarc.googleapis.com is enabled... 
[info] i  functions: ensuring required API pubsub.googleapis.com is enabled... 
[info] i  functions: ensuring required API storage.googleapis.com is enabled... 
[debug] [2024-05-27T14:01:23.934Z] >>> [apiv2][query] GET https://serviceusage.googleapis.com/v1/projects/teste-aa015/services/run.googleapis.com [none]
[debug] [2024-05-27T14:01:23.935Z] >>> [apiv2][(partial)header] GET https://serviceusage.googleapis.com/v1/projects/teste-aa015/services/run.googleapis.com x-goog-quota-user=projects/teste-aa015
[debug] [2024-05-27T14:01:23.943Z] >>> [apiv2][query] GET https://serviceusage.googleapis.com/v1/projects/teste-aa015/services/eventarc.googleapis.com [none]
[debug] [2024-05-27T14:01:23.943Z] >>> [apiv2][(partial)header] GET https://serviceusage.googleapis.com/v1/projects/teste-aa015/services/eventarc.googleapis.com x-goog-quota-user=projects/teste-aa015
[debug] [2024-05-27T14:01:23.951Z] >>> [apiv2][query] GET https://serviceusage.googleapis.com/v1/projects/teste-aa015/services/pubsub.googleapis.com [none]
[debug] [2024-05-27T14:01:23.951Z] >>> [apiv2][(partial)header] GET https://serviceusage.googleapis.com/v1/projects/teste-aa015/services/pubsub.googleapis.com x-goog-quota-user=projects/teste-aa015
[debug] [2024-05-27T14:01:23.957Z] >>> [apiv2][query] GET https://serviceusage.googleapis.com/v1/projects/teste-aa015/services/storage.googleapis.com [none]
[debug] [2024-05-27T14:01:23.957Z] >>> [apiv2][(partial)header] GET https://serviceusage.googleapis.com/v1/projects/teste-aa015/services/storage.googleapis.com x-goog-quota-user=projects/teste-aa015
[debug] [2024-05-27T14:01:25.065Z] <<< [apiv2][status] GET https://serviceusage.googleapis.com/v1/projects/teste-aa015/services/eventarc.googleapis.com 200
[debug] [2024-05-27T14:01:25.066Z] <<< [apiv2][body] GET https://serviceusage.googleapis.com/v1/projects/teste-aa015/services/eventarc.googleapis.com [omitted]
[warn] !  functions: missing required API eventarc.googleapis.com. Enabling now... 
[debug] [2024-05-27T14:01:25.072Z] >>> [apiv2][query] POST https://serviceusage.googleapis.com/v1/projects/teste-aa015/services/eventarc.googleapis.com:enable [none]
[debug] [2024-05-27T14:01:25.073Z] >>> [apiv2][(partial)header] POST https://serviceusage.googleapis.com/v1/projects/teste-aa015/services/eventarc.googleapis.com:enable x-goog-quota-user=projects/teste-aa015
[debug] [2024-05-27T14:01:25.081Z] <<< [apiv2][status] GET https://serviceusage.googleapis.com/v1/projects/teste-aa015/services/pubsub.googleapis.com 200
[debug] [2024-05-27T14:01:25.082Z] <<< [apiv2][body] GET https://serviceusage.googleapis.com/v1/projects/teste-aa015/services/pubsub.googleapis.com [omitted]
[info] +  functions: required API pubsub.googleapis.com is enabled 
[debug] [2024-05-27T14:01:25.084Z] <<< [apiv2][status] GET https://serviceusage.googleapis.com/v1/projects/teste-aa015/services/run.googleapis.com 200
[debug] [2024-05-27T14:01:25.084Z] <<< [apiv2][body] GET https://serviceusage.googleapis.com/v1/projects/teste-aa015/services/run.googleapis.com [omitted]
[warn] !  functions: missing required API run.googleapis.com. Enabling now... 
[debug] [2024-05-27T14:01:25.086Z] >>> [apiv2][query] POST https://serviceusage.googleapis.com/v1/projects/teste-aa015/services/run.googleapis.com:enable [none]
[debug] [2024-05-27T14:01:25.087Z] >>> [apiv2][(partial)header] POST https://serviceusage.googleapis.com/v1/projects/teste-aa015/services/run.googleapis.com:enable x-goog-quota-user=projects/teste-aa015
[debug] [2024-05-27T14:01:25.113Z] <<< [apiv2][status] GET https://serviceusage.googleapis.com/v1/projects/teste-aa015/services/storage.googleapis.com 200
[debug] [2024-05-27T14:01:25.113Z] <<< [apiv2][body] GET https://serviceusage.googleapis.com/v1/projects/teste-aa015/services/storage.googleapis.com [omitted]
[info] +  functions: required API storage.googleapis.com is enabled 
[debug] [2024-05-27T14:01:26.407Z] <<< [apiv2][status] POST https://serviceusage.googleapis.com/v1/projects/teste-aa015/services/eventarc.googleapis.com:enable 200
[debug] [2024-05-27T14:01:26.408Z] <<< [apiv2][body] POST https://serviceusage.googleapis.com/v1/projects/teste-aa015/services/eventarc.googleapis.com:enable [omitted]
[debug] [2024-05-27T14:01:26.505Z] <<< [apiv2][status] POST https://serviceusage.googleapis.com/v1/projects/teste-aa015/services/run.googleapis.com:enable 200
[debug] [2024-05-27T14:01:26.505Z] <<< [apiv2][body] POST https://serviceusage.googleapis.com/v1/projects/teste-aa015/services/run.googleapis.com:enable [omitted]
[debug] [2024-05-27T14:01:36.410Z] >>> [apiv2][query] GET https://serviceusage.googleapis.com/v1/projects/teste-aa015/services/eventarc.googleapis.com [none]
[debug] [2024-05-27T14:01:36.412Z] >>> [apiv2][(partial)header] GET https://serviceusage.googleapis.com/v1/projects/teste-aa015/services/eventarc.googleapis.com x-goog-quota-user=projects/teste-aa015
[debug] [2024-05-27T14:01:36.519Z] >>> [apiv2][query] GET https://serviceusage.googleapis.com/v1/projects/teste-aa015/services/run.googleapis.com [none]
[debug] [2024-05-27T14:01:36.519Z] >>> [apiv2][(partial)header] GET https://serviceusage.googleapis.com/v1/projects/teste-aa015/services/run.googleapis.com x-goog-quota-user=projects/teste-aa015
[debug] [2024-05-27T14:01:37.544Z] <<< [apiv2][status] GET https://serviceusage.googleapis.com/v1/projects/teste-aa015/services/eventarc.googleapis.com 200
[debug] [2024-05-27T14:01:37.545Z] <<< [apiv2][body] GET https://serviceusage.googleapis.com/v1/projects/teste-aa015/services/eventarc.googleapis.com [omitted]
[info] +  functions: required API eventarc.googleapis.com is enabled 
[debug] [2024-05-27T14:01:37.607Z] <<< [apiv2][status] GET https://serviceusage.googleapis.com/v1/projects/teste-aa015/services/run.googleapis.com 200
[debug] [2024-05-27T14:01:37.608Z] <<< [apiv2][body] GET https://serviceusage.googleapis.com/v1/projects/teste-aa015/services/run.googleapis.com [omitted]
[info] +  functions: required API run.googleapis.com is enabled 
[info] i  functions: generating the service identity for pubsub.googleapis.com... 
[info] i  functions: generating the service identity for eventarc.googleapis.com... 
[debug] [2024-05-27T14:01:37.617Z] >>> [apiv2][query] POST https://serviceusage.googleapis.com/v1beta1/projects/99960275074/services/pubsub.googleapis.com:generateServiceIdentity [none]
[debug] [2024-05-27T14:01:37.623Z] >>> [apiv2][query] POST https://serviceusage.googleapis.com/v1beta1/projects/99960275074/services/eventarc.googleapis.com:generateServiceIdentity [none]
[debug] [2024-05-27T14:01:38.856Z] <<< [apiv2][status] POST https://serviceusage.googleapis.com/v1beta1/projects/99960275074/services/pubsub.googleapis.com:generateServiceIdentity 200
[debug] [2024-05-27T14:01:38.857Z] <<< [apiv2][body] POST https://serviceusage.googleapis.com/v1beta1/projects/99960275074/services/pubsub.googleapis.com:generateServiceIdentity {"name":"operations/finished.DONE_OPERATION","done":true,"response":{"@type":"type.googleapis.com/google.api.serviceusage.v1beta1.ServiceIdentity","email":"service-99960275074@gcp-sa-pubsub.iam.gserviceaccount.com","uniqueId":"112244405368214426940"}}
[debug] [2024-05-27T14:01:39.278Z] <<< [apiv2][status] POST https://serviceusage.googleapis.com/v1beta1/projects/99960275074/services/eventarc.googleapis.com:generateServiceIdentity 200
[debug] [2024-05-27T14:01:39.279Z] <<< [apiv2][body] POST https://serviceusage.googleapis.com/v1beta1/projects/99960275074/services/eventarc.googleapis.com:generateServiceIdentity {"name":"operations/finished.DONE_OPERATION","done":true,"response":{"@type":"type.googleapis.com/google.api.serviceusage.v1beta1.ServiceIdentity","email":"service-99960275074@gcp-sa-eventarc.iam.gserviceaccount.com","uniqueId":"102284271736998750822"}}
[debug] [2024-05-27T14:01:39.286Z] >>> [apiv2][query] POST https://cloudresourcemanager.googleapis.com/v1/projects/99960275074:getIamPolicy [none]
[debug] [2024-05-27T14:01:40.280Z] <<< [apiv2][status] POST https://cloudresourcemanager.googleapis.com/v1/projects/99960275074:getIamPolicy 200
[debug] [2024-05-27T14:01:40.281Z] <<< [apiv2][body] POST https://cloudresourcemanager.googleapis.com/v1/projects/99960275074:getIamPolicy {"version":1,"etag":"BwYZb/QZoWA=","bindings":[{"role":"roles/appengine.serviceAgent","members":["serviceAccount:service-99960275074@gcp-gae-service.iam.gserviceaccount.com"]},{"role":"roles/bigqueryconnection.serviceAgent","members":["serviceAccount:service-99960275074@gcp-sa-bigqueryconnection.iam.gserviceaccount.com"]},{"role":"roles/cloudbuild.builds.builder","members":["serviceAccount:99960275074@cloudbuild.gserviceaccount.com"]},{"role":"roles/cloudbuild.serviceAgent","members":["serviceAccount:service-99960275074@gcp-sa-cloudbuild.iam.gserviceaccount.com"]},{"role":"roles/cloudfunctions.serviceAgent","members":["serviceAccount:service-99960275074@gcf-admin-robot.iam.gserviceaccount.com"]},{"role":"roles/containerregistry.ServiceAgent","members":["serviceAccount:service-99960275074@containerregistry.iam.gserviceaccount.com"]},{"role":"roles/editor","members":["serviceAccount:99960275074-compute@developer.gserviceaccount.com","serviceAccount:teste-aa015@appspot.gserviceaccount.com"]},{"role":"roles/firebase.managementServiceAgent","members":["serviceAccount:firebase-service-account@firebase-sa-management.iam.gserviceaccount.com","serviceAccount:service-99960275074@gcp-sa-firebase.iam.gserviceaccount.com"]},{"role":"roles/firebase.sdkAdminServiceAgent","members":["serviceAccount:firebase-adminsdk-weil3@teste-aa015.iam.gserviceaccount.com"]},{"role":"roles/firebaseauth.admin","members":["serviceAccount:firebase-adminsdk-weil3@teste-aa015.iam.gserviceaccount.com"]},{"role":"roles/firebasedatabase.admin","members":["serviceAccount:firebase-adminsdk-weil3@teste-aa015.iam.gserviceaccount.com"]},{"role":"roles/firebaserules.system","members":["serviceAccount:service-99960275074@firebase-rules.iam.gserviceaccount.com"]},{"role":"roles/firestore.serviceAgent","members":["serviceAccount:service-99960275074@gcp-sa-firestore.iam.gserviceaccount.com"]},{"role":"roles/iam.serviceAccountTokenCreator","members":["serviceAccount:firebase-adminsdk-weil3@teste-aa015.iam.gserviceaccount.com"]},{"role":"roles/owner","members":["user:savannapassarela@gmail.com"]},{"role":"roles/pubsub.serviceAgent","members":["serviceAccount:service-99960275074@gcp-sa-pubsub.iam.gserviceaccount.com"]},{"role":"roles/run.serviceAgent","members":["serviceAccount:service-99960275074@serverless-robot-prod.iam.gserviceaccount.com"]}]}
[debug] [2024-05-27T14:01:40.282Z] >>> [apiv2][query] POST https://cloudresourcemanager.googleapis.com/v1/projects/99960275074:setIamPolicy [none]
[debug] [2024-05-27T14:01:40.283Z] >>> [apiv2][body] POST https://cloudresourcemanager.googleapis.com/v1/projects/99960275074:setIamPolicy {"policy":{"version":1,"etag":"BwYZb/QZoWA=","bindings":[{"role":"roles/appengine.serviceAgent","members":["serviceAccount:service-99960275074@gcp-gae-service.iam.gserviceaccount.com"]},{"role":"roles/bigqueryconnection.serviceAgent","members":["serviceAccount:service-99960275074@gcp-sa-bigqueryconnection.iam.gserviceaccount.com"]},{"role":"roles/cloudbuild.builds.builder","members":["serviceAccount:99960275074@cloudbuild.gserviceaccount.com"]},{"role":"roles/cloudbuild.serviceAgent","members":["serviceAccount:service-99960275074@gcp-sa-cloudbuild.iam.gserviceaccount.com"]},{"role":"roles/cloudfunctions.serviceAgent","members":["serviceAccount:service-99960275074@gcf-admin-robot.iam.gserviceaccount.com"]},{"role":"roles/containerregistry.ServiceAgent","members":["serviceAccount:service-99960275074@containerregistry.iam.gserviceaccount.com"]},{"role":"roles/editor","members":["serviceAccount:99960275074-compute@developer.gserviceaccount.com","serviceAccount:teste-aa015@appspot.gserviceaccount.com"]},{"role":"roles/firebase.managementServiceAgent","members":["serviceAccount:firebase-service-account@firebase-sa-management.iam.gserviceaccount.com","serviceAccount:service-99960275074@gcp-sa-firebase.iam.gserviceaccount.com"]},{"role":"roles/firebase.sdkAdminServiceAgent","members":["serviceAccount:firebase-adminsdk-weil3@teste-aa015.iam.gserviceaccount.com"]},{"role":"roles/firebaseauth.admin","members":["serviceAccount:firebase-adminsdk-weil3@teste-aa015.iam.gserviceaccount.com"]},{"role":"roles/firebasedatabase.admin","members":["serviceAccount:firebase-adminsdk-weil3@teste-aa015.iam.gserviceaccount.com"]},{"role":"roles/firebaserules.system","members":["serviceAccount:service-99960275074@firebase-rules.iam.gserviceaccount.com"]},{"role":"roles/firestore.serviceAgent","members":["serviceAccount:service-99960275074@gcp-sa-firestore.iam.gserviceaccount.com"]},{"role":"roles/iam.serviceAccountTokenCreator","members":["serviceAccount:firebase-adminsdk-weil3@teste-aa015.iam.gserviceaccount.com","serviceAccount:service-99960275074@gcp-sa-pubsub.iam.gserviceaccount.com"]},{"role":"roles/owner","members":["user:savannapassarela@gmail.com"]},{"role":"roles/pubsub.serviceAgent","members":["serviceAccount:service-99960275074@gcp-sa-pubsub.iam.gserviceaccount.com"]},{"role":"roles/run.serviceAgent","members":["serviceAccount:service-99960275074@serverless-robot-prod.iam.gserviceaccount.com"]},{"role":"roles/run.invoker","members":["serviceAccount:99960275074-compute@developer.gserviceaccount.com"]},{"role":"roles/eventarc.eventReceiver","members":["serviceAccount:99960275074-compute@developer.gserviceaccount.com"]}]},"updateMask":"bindings"}
[debug] [2024-05-27T14:01:42.233Z] <<< [apiv2][status] POST https://cloudresourcemanager.googleapis.com/v1/projects/99960275074:setIamPolicy 200
[debug] [2024-05-27T14:01:42.234Z] <<< [apiv2][body] POST https://cloudresourcemanager.googleapis.com/v1/projects/99960275074:setIamPolicy {"version":1,"etag":"BwYZb/Tr+Ko=","bindings":[{"role":"roles/appengine.serviceAgent","members":["serviceAccount:service-99960275074@gcp-gae-service.iam.gserviceaccount.com"]},{"role":"roles/bigqueryconnection.serviceAgent","members":["serviceAccount:service-99960275074@gcp-sa-bigqueryconnection.iam.gserviceaccount.com"]},{"role":"roles/cloudbuild.builds.builder","members":["serviceAccount:99960275074@cloudbuild.gserviceaccount.com"]},{"role":"roles/cloudbuild.serviceAgent","members":["serviceAccount:service-99960275074@gcp-sa-cloudbuild.iam.gserviceaccount.com"]},{"role":"roles/cloudfunctions.serviceAgent","members":["serviceAccount:service-99960275074@gcf-admin-robot.iam.gserviceaccount.com"]},{"role":"roles/containerregistry.ServiceAgent","members":["serviceAccount:service-99960275074@containerregistry.iam.gserviceaccount.com"]},{"role":"roles/editor","members":["serviceAccount:99960275074-compute@developer.gserviceaccount.com","serviceAccount:teste-aa015@appspot.gserviceaccount.com"]},{"role":"roles/eventarc.eventReceiver","members":["serviceAccount:99960275074-compute@developer.gserviceaccount.com"]},{"role":"roles/firebase.managementServiceAgent","members":["serviceAccount:firebase-service-account@firebase-sa-management.iam.gserviceaccount.com","serviceAccount:service-99960275074@gcp-sa-firebase.iam.gserviceaccount.com"]},{"role":"roles/firebase.sdkAdminServiceAgent","members":["serviceAccount:firebase-adminsdk-weil3@teste-aa015.iam.gserviceaccount.com"]},{"role":"roles/firebaseauth.admin","members":["serviceAccount:firebase-adminsdk-weil3@teste-aa015.iam.gserviceaccount.com"]},{"role":"roles/firebasedatabase.admin","members":["serviceAccount:firebase-adminsdk-weil3@teste-aa015.iam.gserviceaccount.com"]},{"role":"roles/firebaserules.system","members":["serviceAccount:service-99960275074@firebase-rules.iam.gserviceaccount.com"]},{"role":"roles/firestore.serviceAgent","members":["serviceAccount:service-99960275074@gcp-sa-firestore.iam.gserviceaccount.com"]},{"role":"roles/iam.serviceAccountTokenCreator","members":["serviceAccount:firebase-adminsdk-weil3@teste-aa015.iam.gserviceaccount.com","serviceAccount:service-99960275074@gcp-sa-pubsub.iam.gserviceaccount.com"]},{"role":"roles/owner","members":["user:savannapassarela@gmail.com"]},{"role":"roles/pubsub.serviceAgent","members":["serviceAccount:service-99960275074@gcp-sa-pubsub.iam.gserviceaccount.com"]},{"role":"roles/run.invoker","members":["serviceAccount:99960275074-compute@developer.gserviceaccount.com"]},{"role":"roles/run.serviceAgent","members":["serviceAccount:service-99960275074@serverless-robot-prod.iam.gserviceaccount.com"]}]}
[debug] [2024-05-27T14:01:42.239Z] >>> [apiv2][query] GET https://firebase.googleapis.com/v1beta1/projects/teste-aa015 [none]
[debug] [2024-05-27T14:01:42.693Z] <<< [apiv2][status] GET https://firebase.googleapis.com/v1beta1/projects/teste-aa015 200
[debug] [2024-05-27T14:01:42.694Z] <<< [apiv2][body] GET https://firebase.googleapis.com/v1beta1/projects/teste-aa015 {"projectId":"teste-aa015","projectNumber":"99960275074","displayName":"ALY-137","name":"projects/teste-aa015","resources":{"hostingSite":"teste-aa015","storageBucket":"teste-aa015.appspot.com","locationId":"southamerica-east1"},"state":"ACTIVE","etag":"1_7e0043c4-2d0f-4eed-8b35-731cde688777"}
[debug] [2024-05-27T14:01:42.700Z] [functions] found 1 new HTTP functions, testing setIamPolicy permission...
[debug] [2024-05-27T14:01:42.701Z] >>> [apiv2][query] POST https://cloudresourcemanager.googleapis.com/v1/projects/teste-aa015:testIamPermissions [none]
[debug] [2024-05-27T14:01:42.702Z] >>> [apiv2][(partial)header] POST https://cloudresourcemanager.googleapis.com/v1/projects/teste-aa015:testIamPermissions x-goog-quota-user=projects/teste-aa015
[debug] [2024-05-27T14:01:42.702Z] >>> [apiv2][body] POST https://cloudresourcemanager.googleapis.com/v1/projects/teste-aa015:testIamPermissions {"permissions":["cloudfunctions.functions.setIamPolicy"]}
[debug] [2024-05-27T14:01:43.585Z] <<< [apiv2][status] POST https://cloudresourcemanager.googleapis.com/v1/projects/teste-aa015:testIamPermissions 200
[debug] [2024-05-27T14:01:43.586Z] <<< [apiv2][body] POST https://cloudresourcemanager.googleapis.com/v1/projects/teste-aa015:testIamPermissions {"permissions":["cloudfunctions.functions.setIamPolicy"]}
[debug] [2024-05-27T14:01:43.587Z] [functions] found setIamPolicy permission, proceeding with deploy
[debug] [2024-05-27T14:01:43.590Z] >>> [apiv2][query] POST https://cloudfunctions.googleapis.com/v2/projects/teste-aa015/locations/us-central1/functions:generateUploadUrl [none]
[debug] [2024-05-27T14:01:46.025Z] <<< [apiv2][status] POST https://cloudfunctions.googleapis.com/v2/projects/teste-aa015/locations/us-central1/functions:generateUploadUrl 200
[debug] [2024-05-27T14:01:46.026Z] <<< [apiv2][body] POST https://cloudfunctions.googleapis.com/v2/projects/teste-aa015/locations/us-central1/functions:generateUploadUrl {"uploadUrl":"https://storage.googleapis.com/gcf-v2-uploads-99960275074-us-central1/b3b447ba-e00c-4907-a8c0-ed0222b65b9c.zip?GoogleAccessId=service-99960275074@gcf-admin-robot.iam.gserviceaccount.com&Expires=1716820305&Signature=ezuG4VHPz4hWmW35LGM6Ura7uHfCo9yi6cTua113Y0IKt10mJcgYVY4BeWERi%2Bz3VzdAfX4j7jPg1MaZrArc3igqbCljLQYlvFblHGT1mibhUkSduOd3bSc1yYfrOZWFWXSyog%2ByN4krmwkP2VcUgswzKLebwgLsSTFN2MZDRMaZNO0JBwHepXnOSYYRa4OvlK1%2Bg0nzCOW7YhtAdpGWCvqE8Eb4IQB74Cj30tRKVdTleN4dk2X%2B5JdGjaoo3HCo%2Bv%2BKP%2BpQN6oKA%2FSt94Y0iP8EBOSl6t92wubRIGOX3wOzV0u5oukr7JvS%2FSVuEdQpUltlgYDW44qCjOFh%2FWfqrA%3D%3D","storageSource":{"bucket":"gcf-v2-uploads-99960275074-us-central1","object":"b3b447ba-e00c-4907-a8c0-ed0222b65b9c.zip"}}
[debug] [2024-05-27T14:01:46.029Z] >>> [apiv2][query] PUT https://storage.googleapis.com/gcf-v2-uploads-99960275074-us-central1/b3b447ba-e00c-4907-a8c0-ed0222b65b9c.zip GoogleAccessId=service-99960275074%40gcf-admin-robot.iam.gserviceaccount.com&Expires=1716820305&Signature=ezuG4VHPz4hWmW35LGM6Ura7uHfCo9yi6cTua113Y0IKt10mJcgYVY4BeWERi%2Bz3VzdAfX4j7jPg1MaZrArc3igqbCljLQYlvFblHGT1mibhUkSduOd3bSc1yYfrOZWFWXSyog%2ByN4krmwkP2VcUgswzKLebwgLsSTFN2MZDRMaZNO0JBwHepXnOSYYRa4OvlK1%2Bg0nzCOW7YhtAdpGWCvqE8Eb4IQB74Cj30tRKVdTleN4dk2X%2B5JdGjaoo3HCo%2Bv%2BKP%2BpQN6oKA%2FSt94Y0iP8EBOSl6t92wubRIGOX3wOzV0u5oukr7JvS%2FSVuEdQpUltlgYDW44qCjOFh%2FWfqrA%3D%3D
[debug] [2024-05-27T14:01:46.029Z] >>> [apiv2][body] PUT https://storage.googleapis.com/gcf-v2-uploads-99960275074-us-central1/b3b447ba-e00c-4907-a8c0-ed0222b65b9c.zip [stream]
[debug] [2024-05-27T14:01:47.484Z] <<< [apiv2][status] PUT https://storage.googleapis.com/gcf-v2-uploads-99960275074-us-central1/b3b447ba-e00c-4907-a8c0-ed0222b65b9c.zip 200
[debug] [2024-05-27T14:01:47.484Z] <<< [apiv2][body] PUT https://storage.googleapis.com/gcf-v2-uploads-99960275074-us-central1/b3b447ba-e00c-4907-a8c0-ed0222b65b9c.zip [omitted]
[info] +  functions: functions folder uploaded successfully 
[info] i  functions: creating Node.js 18 (2nd Gen) function addmessage(us-central1)... 
[info] i  functions: creating Node.js 18 (2nd Gen) function makeuppercase(us-central1)... 
[debug] [2024-05-27T14:01:47.516Z] >>> [apiv2][query] POST https://cloudfunctions.googleapis.com/v2/projects/teste-aa015/locations/us-central1/functions functionId=addmessage
[debug] [2024-05-27T14:01:47.516Z] >>> [apiv2][body] POST https://cloudfunctions.googleapis.com/v2/projects/teste-aa015/locations/us-central1/functions {"name":"projects/teste-aa015/locations/us-central1/functions/addmessage","buildConfig":{"runtime":"nodejs18","entryPoint":"addmessage","source":{"storageSource":{"bucket":"gcf-v2-uploads-99960275074-us-central1","object":"b3b447ba-e00c-4907-a8c0-ed0222b65b9c.zip"}},"environmentVariables":{"GOOGLE_NODE_RUN_SCRIPTS":""}},"serviceConfig":{"environmentVariables":{"FIREBASE_CONFIG":"{\"projectId\":\"teste-aa015\",\"storageBucket\":\"teste-aa015.appspot.com\",\"locationId\":\"southamerica-east1\"}","GCLOUD_PROJECT":"teste-aa015","EVENTARC_CLOUD_EVENT_SOURCE":"projects/teste-aa015/locations/us-central1/services/addmessage","FUNCTION_TARGET":"addmessage"},"ingressSettings":null,"timeoutSeconds":null,"serviceAccountEmail":null,"availableMemory":"256Mi","minInstanceCount":null,"maxInstanceCount":null,"maxInstanceRequestConcurrency":80,"availableCpu":"1","vpcConnector":null,"vpcConnectorEgressSettings":null},"labels":{"deployment-tool":"cli-firebase","firebase-functions-hash":"639274f03ab94aabbe83168d48871c2082baf3ff"}}
[debug] [2024-05-27T14:01:47.523Z] >>> [apiv2][query] POST https://cloudfunctions.googleapis.com/v2/projects/teste-aa015/locations/us-central1/functions functionId=makeuppercase
[debug] [2024-05-27T14:01:47.523Z] >>> [apiv2][body] POST https://cloudfunctions.googleapis.com/v2/projects/teste-aa015/locations/us-central1/functions {"name":"projects/teste-aa015/locations/us-central1/functions/makeuppercase","buildConfig":{"runtime":"nodejs18","entryPoint":"makeuppercase","source":{"storageSource":{"bucket":"gcf-v2-uploads-99960275074-us-central1","object":"b3b447ba-e00c-4907-a8c0-ed0222b65b9c.zip"}},"environmentVariables":{"GOOGLE_NODE_RUN_SCRIPTS":""}},"serviceConfig":{"environmentVariables":{"FIREBASE_CONFIG":"{\"projectId\":\"teste-aa015\",\"storageBucket\":\"teste-aa015.appspot.com\",\"locationId\":\"southamerica-east1\"}","GCLOUD_PROJECT":"teste-aa015","EVENTARC_CLOUD_EVENT_SOURCE":"projects/teste-aa015/locations/us-central1/services/makeuppercase","FUNCTION_SIGNATURE_TYPE":"cloudevent","FUNCTION_TARGET":"makeuppercase"},"ingressSettings":null,"timeoutSeconds":null,"serviceAccountEmail":null,"availableMemory":"256Mi","minInstanceCount":null,"maxInstanceCount":null,"maxInstanceRequestConcurrency":80,"availableCpu":"1","vpcConnector":null,"vpcConnectorEgressSettings":null},"labels":{"deployment-tool":"cli-firebase","firebase-functions-hash":"639274f03ab94aabbe83168d48871c2082baf3ff"},"eventTrigger":{"eventType":"google.cloud.firestore.document.v1.created","retryPolicy":"RETRY_POLICY_DO_NOT_RETRY","eventFilters":[{"attribute":"database","value":"(default)"},{"attribute":"namespace","value":"(default)"},{"attribute":"document","value":"messages/{documentId}","operator":"match-path-pattern"}],"triggerRegion":"southamerica-east1"}}
[debug] [2024-05-27T14:01:49.820Z] <<< [apiv2][status] POST https://cloudfunctions.googleapis.com/v2/projects/teste-aa015/locations/us-central1/functions 200
[debug] [2024-05-27T14:01:49.820Z] <<< [apiv2][body] POST https://cloudfunctions.googleapis.com/v2/projects/teste-aa015/locations/us-central1/functions {"name":"projects/teste-aa015/locations/us-central1/operations/operation-1716818507789-6196ff54cf4c2-2da92deb-9b2401c3","metadata":{"@type":"type.googleapis.com/google.cloud.functions.v2.OperationMetadata","createTime":"2024-05-27T14:01:48.996058845Z","target":"projects/teste-aa015/locations/us-central1/functions/addmessage","verb":"create","cancelRequested":false,"apiVersion":"v2"},"done":false}
[debug] [2024-05-27T14:01:49.824Z] >>> [apiv2][query] GET https://cloudfunctions.googleapis.com/v2/projects/teste-aa015/locations/us-central1/operations/operation-1716818507789-6196ff54cf4c2-2da92deb-9b2401c3 [none]
[debug] [2024-05-27T14:01:51.061Z] <<< [apiv2][status] GET https://cloudfunctions.googleapis.com/v2/projects/teste-aa015/locations/us-central1/operations/operation-1716818507789-6196ff54cf4c2-2da92deb-9b2401c3 200
[debug] [2024-05-27T14:01:51.061Z] <<< [apiv2][body] GET https://cloudfunctions.googleapis.com/v2/projects/teste-aa015/locations/us-central1/operations/operation-1716818507789-6196ff54cf4c2-2da92deb-9b2401c3 {"name":"projects/teste-aa015/locations/us-central1/operations/operation-1716818507789-6196ff54cf4c2-2da92deb-9b2401c3","metadata":{"@type":"type.googleapis.com/google.cloud.functions.v2.OperationMetadata","createTime":"2024-05-27T14:01:48.996058845Z","target":"projects/teste-aa015/locations/us-central1/functions/addmessage","verb":"create","cancelRequested":false,"apiVersion":"v2","requestResource":{"@type":"type.googleapis.com/google.cloud.functions.v2.Function","name":"projects/teste-aa015/locations/us-central1/functions/addmessage","buildConfig":{"runtime":"nodejs18","entryPoint":"addmessage","source":{"storageSource":{"bucket":"gcf-v2-sources-99960275074-us-central1","object":"addmessage/function-source.zip","generation":"1716818508737854"}},"environmentVariables":{"GOOGLE_NODE_RUN_SCRIPTS":""}},"serviceConfig":{"service":"projects/teste-aa015/locations/us-central1/services/addmessage","timeoutSeconds":60,"environmentVariables":{"FIREBASE_CONFIG":"{\"projectId\":\"teste-aa015\",\"storageBucket\":\"teste-aa015.appspot.com\",\"locationId\":\"southamerica-east1\"}","GCLOUD_PROJECT":"teste-aa015","EVENTARC_CLOUD_EVENT_SOURCE":"projects/teste-aa015/locations/us-central1/services/addmessage","FUNCTION_TARGET":"addmessage"},"ingressSettings":"ALLOW_ALL","serviceAccountEmail":"99960275074-compute@developer.gserviceaccount.com","availableMemory":"256Mi","maxInstanceRequestConcurrency":80,"availableCpu":"1"},"labels":{"deployment-tool":"cli-firebase","firebase-functions-hash":"639274f03ab94aabbe83168d48871c2082baf3ff"},"environment":"GEN_2"},"stages":[{"name":"BUILD","state":"NOT_STARTED"},{"name":"SERVICE","state":"NOT_STARTED"}],"operationType":"CREATE_FUNCTION"},"done":false}
[debug] [2024-05-27T14:01:51.585Z] [create-default-us-central1-addmessage] Retrying task index 0
[debug] [2024-05-27T14:01:51.586Z] >>> [apiv2][query] GET https://cloudfunctions.googleapis.com/v2/projects/teste-aa015/locations/us-central1/operations/operation-1716818507789-6196ff54cf4c2-2da92deb-9b2401c3 [none]
[debug] [2024-05-27T14:01:52.678Z] <<< [apiv2][status] GET https://cloudfunctions.googleapis.com/v2/projects/teste-aa015/locations/us-central1/operations/operation-1716818507789-6196ff54cf4c2-2da92deb-9b2401c3 200
[debug] [2024-05-27T14:01:52.679Z] <<< [apiv2][body] GET https://cloudfunctions.googleapis.com/v2/projects/teste-aa015/locations/us-central1/operations/operation-1716818507789-6196ff54cf4c2-2da92deb-9b2401c3 {"name":"projects/teste-aa015/locations/us-central1/operations/operation-1716818507789-6196ff54cf4c2-2da92deb-9b2401c3","metadata":{"@type":"type.googleapis.com/google.cloud.functions.v2.OperationMetadata","createTime":"2024-05-27T14:01:48.996058845Z","target":"projects/teste-aa015/locations/us-central1/functions/addmessage","verb":"create","cancelRequested":false,"apiVersion":"v2","requestResource":{"@type":"type.googleapis.com/google.cloud.functions.v2.Function","name":"projects/teste-aa015/locations/us-central1/functions/addmessage","buildConfig":{"runtime":"nodejs18","entryPoint":"addmessage","source":{"storageSource":{"bucket":"gcf-v2-sources-99960275074-us-central1","object":"addmessage/function-source.zip","generation":"1716818508737854"}},"environmentVariables":{"GOOGLE_NODE_RUN_SCRIPTS":""}},"serviceConfig":{"service":"projects/teste-aa015/locations/us-central1/services/addmessage","timeoutSeconds":60,"environmentVariables":{"FIREBASE_CONFIG":"{\"projectId\":\"teste-aa015\",\"storageBucket\":\"teste-aa015.appspot.com\",\"locationId\":\"southamerica-east1\"}","GCLOUD_PROJECT":"teste-aa015","EVENTARC_CLOUD_EVENT_SOURCE":"projects/teste-aa015/locations/us-central1/services/addmessage","FUNCTION_TARGET":"addmessage"},"ingressSettings":"ALLOW_ALL","serviceAccountEmail":"99960275074-compute@developer.gserviceaccount.com","availableMemory":"256Mi","maxInstanceRequestConcurrency":80,"availableCpu":"1"},"labels":{"deployment-tool":"cli-firebase","firebase-functions-hash":"639274f03ab94aabbe83168d48871c2082baf3ff"},"environment":"GEN_2"},"stages":[{"name":"BUILD","state":"NOT_STARTED"},{"name":"SERVICE","state":"NOT_STARTED"}],"operationType":"CREATE_FUNCTION"},"done":false}
[debug] [2024-05-27T14:01:53.684Z] [create-default-us-central1-addmessage] Retrying task index 0
[debug] [2024-05-27T14:01:53.685Z] >>> [apiv2][query] GET https://cloudfunctions.googleapis.com/v2/projects/teste-aa015/locations/us-central1/operations/operation-1716818507789-6196ff54cf4c2-2da92deb-9b2401c3 [none]
[debug] [2024-05-27T14:01:54.761Z] <<< [apiv2][status] GET https://cloudfunctions.googleapis.com/v2/projects/teste-aa015/locations/us-central1/operations/operation-1716818507789-6196ff54cf4c2-2da92deb-9b2401c3 200
[debug] [2024-05-27T14:01:54.762Z] <<< [apiv2][body] GET https://cloudfunctions.googleapis.com/v2/projects/teste-aa015/locations/us-central1/operations/operation-1716818507789-6196ff54cf4c2-2da92deb-9b2401c3 {"name":"projects/teste-aa015/locations/us-central1/operations/operation-1716818507789-6196ff54cf4c2-2da92deb-9b2401c3","metadata":{"@type":"type.googleapis.com/google.cloud.functions.v2.OperationMetadata","createTime":"2024-05-27T14:01:48.996058845Z","target":"projects/teste-aa015/locations/us-central1/functions/addmessage","verb":"create","cancelRequested":false,"apiVersion":"v2","requestResource":{"@type":"type.googleapis.com/google.cloud.functions.v2.Function","name":"projects/teste-aa015/locations/us-central1/functions/addmessage","buildConfig":{"runtime":"nodejs18","entryPoint":"addmessage","source":{"storageSource":{"bucket":"gcf-v2-sources-99960275074-us-central1","object":"addmessage/function-source.zip","generation":"1716818508737854"}},"environmentVariables":{"GOOGLE_NODE_RUN_SCRIPTS":""}},"serviceConfig":{"service":"projects/teste-aa015/locations/us-central1/services/addmessage","timeoutSeconds":60,"environmentVariables":{"FIREBASE_CONFIG":"{\"projectId\":\"teste-aa015\",\"storageBucket\":\"teste-aa015.appspot.com\",\"locationId\":\"southamerica-east1\"}","GCLOUD_PROJECT":"teste-aa015","EVENTARC_CLOUD_EVENT_SOURCE":"projects/teste-aa015/locations/us-central1/services/addmessage","FUNCTION_TARGET":"addmessage"},"ingressSettings":"ALLOW_ALL","serviceAccountEmail":"99960275074-compute@developer.gserviceaccount.com","availableMemory":"256Mi","maxInstanceRequestConcurrency":80,"availableCpu":"1"},"labels":{"deployment-tool":"cli-firebase","firebase-functions-hash":"639274f03ab94aabbe83168d48871c2082baf3ff"},"environment":"GEN_2"},"stages":[{"name":"BUILD","state":"NOT_STARTED"},{"name":"SERVICE","state":"NOT_STARTED"}],"operationType":"CREATE_FUNCTION"},"done":false}
[debug] [2024-05-27T14:01:56.767Z] [create-default-us-central1-addmessage] Retrying task index 0
[debug] [2024-05-27T14:01:56.768Z] >>> [apiv2][query] GET https://cloudfunctions.googleapis.com/v2/projects/teste-aa015/locations/us-central1/operations/operation-1716818507789-6196ff54cf4c2-2da92deb-9b2401c3 [none]
[debug] [2024-05-27T14:01:57.833Z] <<< [apiv2][status] GET https://cloudfunctions.googleapis.com/v2/projects/teste-aa015/locations/us-central1/operations/operation-1716818507789-6196ff54cf4c2-2da92deb-9b2401c3 200
[debug] [2024-05-27T14:01:57.834Z] <<< [apiv2][body] GET https://cloudfunctions.googleapis.com/v2/projects/teste-aa015/locations/us-central1/operations/operation-1716818507789-6196ff54cf4c2-2da92deb-9b2401c3 {"name":"projects/teste-aa015/locations/us-central1/operations/operation-1716818507789-6196ff54cf4c2-2da92deb-9b2401c3","metadata":{"@type":"type.googleapis.com/google.cloud.functions.v2.OperationMetadata","createTime":"2024-05-27T14:01:48.996058845Z","target":"projects/teste-aa015/locations/us-central1/functions/addmessage","verb":"create","cancelRequested":false,"apiVersion":"v2","requestResource":{"@type":"type.googleapis.com/google.cloud.functions.v2.Function","name":"projects/teste-aa015/locations/us-central1/functions/addmessage","buildConfig":{"runtime":"nodejs18","entryPoint":"addmessage","source":{"storageSource":{"bucket":"gcf-v2-sources-99960275074-us-central1","object":"addmessage/function-source.zip","generation":"1716818508737854"}},"environmentVariables":{"GOOGLE_NODE_RUN_SCRIPTS":""}},"serviceConfig":{"service":"projects/teste-aa015/locations/us-central1/services/addmessage","timeoutSeconds":60,"environmentVariables":{"FIREBASE_CONFIG":"{\"projectId\":\"teste-aa015\",\"storageBucket\":\"teste-aa015.appspot.com\",\"locationId\":\"southamerica-east1\"}","GCLOUD_PROJECT":"teste-aa015","EVENTARC_CLOUD_EVENT_SOURCE":"projects/teste-aa015/locations/us-central1/services/addmessage","FUNCTION_TARGET":"addmessage"},"ingressSettings":"ALLOW_ALL","serviceAccountEmail":"99960275074-compute@developer.gserviceaccount.com","availableMemory":"256Mi","maxInstanceRequestConcurrency":80,"availableCpu":"1"},"labels":{"deployment-tool":"cli-firebase","firebase-functions-hash":"639274f03ab94aabbe83168d48871c2082baf3ff"},"environment":"GEN_2"},"stages":[{"name":"BUILD","state":"NOT_STARTED"},{"name":"SERVICE","state":"NOT_STARTED"}],"operationType":"CREATE_FUNCTION"},"done":false}
[debug] [2024-05-27T14:02:01.845Z] [create-default-us-central1-addmessage] Retrying task index 0
[debug] [2024-05-27T14:02:01.846Z] >>> [apiv2][query] GET https://cloudfunctions.googleapis.com/v2/projects/teste-aa015/locations/us-central1/operations/operation-1716818507789-6196ff54cf4c2-2da92deb-9b2401c3 [none]
[debug] [2024-05-27T14:02:03.038Z] <<< [apiv2][status] GET https://cloudfunctions.googleapis.com/v2/projects/teste-aa015/locations/us-central1/operations/operation-1716818507789-6196ff54cf4c2-2da92deb-9b2401c3 200
[debug] [2024-05-27T14:02:03.039Z] <<< [apiv2][body] GET https://cloudfunctions.googleapis.com/v2/projects/teste-aa015/locations/us-central1/operations/operation-1716818507789-6196ff54cf4c2-2da92deb-9b2401c3 {"name":"projects/teste-aa015/locations/us-central1/operations/operation-1716818507789-6196ff54cf4c2-2da92deb-9b2401c3","metadata":{"@type":"type.googleapis.com/google.cloud.functions.v2.OperationMetadata","createTime":"2024-05-27T14:01:48.996058845Z","target":"projects/teste-aa015/locations/us-central1/functions/addmessage","verb":"create","cancelRequested":false,"apiVersion":"v2","requestResource":{"@type":"type.googleapis.com/google.cloud.functions.v2.Function","name":"projects/teste-aa015/locations/us-central1/functions/addmessage","buildConfig":{"runtime":"nodejs18","entryPoint":"addmessage","source":{"storageSource":{"bucket":"gcf-v2-sources-99960275074-us-central1","object":"addmessage/function-source.zip","generation":"1716818508737854"}},"environmentVariables":{"GOOGLE_NODE_RUN_SCRIPTS":""}},"serviceConfig":{"service":"projects/teste-aa015/locations/us-central1/services/addmessage","timeoutSeconds":60,"environmentVariables":{"FIREBASE_CONFIG":"{\"projectId\":\"teste-aa015\",\"storageBucket\":\"teste-aa015.appspot.com\",\"locationId\":\"southamerica-east1\"}","GCLOUD_PROJECT":"teste-aa015","EVENTARC_CLOUD_EVENT_SOURCE":"projects/teste-aa015/locations/us-central1/services/addmessage","FUNCTION_TARGET":"addmessage"},"ingressSettings":"ALLOW_ALL","serviceAccountEmail":"99960275074-compute@developer.gserviceaccount.com","availableMemory":"256Mi","maxInstanceRequestConcurrency":80,"availableCpu":"1"},"labels":{"deployment-tool":"cli-firebase","firebase-functions-hash":"639274f03ab94aabbe83168d48871c2082baf3ff"},"environment":"GEN_2"},"stages":[{"name":"BUILD","message":"Build in progress","state":"IN_PROGRESS","resource":"projects/99960275074/locations/us-central1/builds/a874623b-94eb-4055-ba5c-209f4a88774a","resourceUri":"https://console.cloud.google.com/cloud-build/builds;region=us-central1/a874623b-94eb-4055-ba5c-209f4a88774a?project=99960275074"},{"name":"SERVICE","state":"NOT_STARTED"}],"operationType":"CREATE_FUNCTION"},"done":false}
[debug] [2024-05-27T14:02:11.055Z] [create-default-us-central1-addmessage] Retrying task index 0
[debug] [2024-05-27T14:02:11.056Z] >>> [apiv2][query] GET https://cloudfunctions.googleapis.com/v2/projects/teste-aa015/locations/us-central1/operations/operation-1716818507789-6196ff54cf4c2-2da92deb-9b2401c3 [none]
[debug] [2024-05-27T14:02:12.156Z] <<< [apiv2][status] GET https://cloudfunctions.googleapis.com/v2/projects/teste-aa015/locations/us-central1/operations/operation-1716818507789-6196ff54cf4c2-2da92deb-9b2401c3 200
[debug] [2024-05-27T14:02:12.157Z] <<< [apiv2][body] GET https://cloudfunctions.googleapis.com/v2/projects/teste-aa015/locations/us-central1/operations/operation-1716818507789-6196ff54cf4c2-2da92deb-9b2401c3 {"name":"projects/teste-aa015/locations/us-central1/operations/operation-1716818507789-6196ff54cf4c2-2da92deb-9b2401c3","metadata":{"@type":"type.googleapis.com/google.cloud.functions.v2.OperationMetadata","createTime":"2024-05-27T14:01:48.996058845Z","target":"projects/teste-aa015/locations/us-central1/functions/addmessage","verb":"create","cancelRequested":false,"apiVersion":"v2","requestResource":{"@type":"type.googleapis.com/google.cloud.functions.v2.Function","name":"projects/teste-aa015/locations/us-central1/functions/addmessage","buildConfig":{"runtime":"nodejs18","entryPoint":"addmessage","source":{"storageSource":{"bucket":"gcf-v2-sources-99960275074-us-central1","object":"addmessage/function-source.zip","generation":"1716818508737854"}},"environmentVariables":{"GOOGLE_NODE_RUN_SCRIPTS":""}},"serviceConfig":{"service":"projects/teste-aa015/locations/us-central1/services/addmessage","timeoutSeconds":60,"environmentVariables":{"FIREBASE_CONFIG":"{\"projectId\":\"teste-aa015\",\"storageBucket\":\"teste-aa015.appspot.com\",\"locationId\":\"southamerica-east1\"}","GCLOUD_PROJECT":"teste-aa015","EVENTARC_CLOUD_EVENT_SOURCE":"projects/teste-aa015/locations/us-central1/services/addmessage","FUNCTION_TARGET":"addmessage"},"ingressSettings":"ALLOW_ALL","serviceAccountEmail":"99960275074-compute@developer.gserviceaccount.com","availableMemory":"256Mi","maxInstanceRequestConcurrency":80,"availableCpu":"1"},"labels":{"deployment-tool":"cli-firebase","firebase-functions-hash":"639274f03ab94aabbe83168d48871c2082baf3ff"},"environment":"GEN_2"},"stages":[{"name":"BUILD","message":"Build in progress","state":"IN_PROGRESS","resource":"projects/99960275074/locations/us-central1/builds/a874623b-94eb-4055-ba5c-209f4a88774a","resourceUri":"https://console.cloud.google.com/cloud-build/builds;region=us-central1/a874623b-94eb-4055-ba5c-209f4a88774a?project=99960275074"},{"name":"SERVICE","state":"NOT_STARTED"}],"operationType":"CREATE_FUNCTION"},"done":false}
[debug] [2024-05-27T14:02:12.734Z] <<< [apiv2][status] POST https://cloudfunctions.googleapis.com/v2/projects/teste-aa015/locations/us-central1/functions 400
[debug] [2024-05-27T14:02:12.736Z] <<< [apiv2][body] POST https://cloudfunctions.googleapis.com/v2/projects/teste-aa015/locations/us-central1/functions {"error":{"code":400,"message":"Validation failed for trigger projects/teste-aa015/locations/southamerica-east1/triggers/makeuppercase-910723: Invalid resource state for \"\": Permission denied while using the Eventarc Service Agent. If you recently started to use Eventarc, it may take a few minutes before all necessary permissions are propagated to the Service Agent. Otherwise, verify that it has Eventarc Service Agent role.","status":"FAILED_PRECONDITION"}}
[warn] !  functions: HTTP Error: 400, Validation failed for trigger projects/teste-aa015/locations/southamerica-east1/triggers/makeuppercase-910723: Invalid resource state for "": Permission denied while using the Eventarc Service Agent. If you recently started to use Eventarc, it may take a few minutes before all necessary permissions are propagated to the Service Agent. Otherwise, verify that it has Eventarc Service Agent role. 
[warn] !  functions: Since this is your first time using 2nd gen functions, we need a little bit longer to finish setting everything up. Retry the deployment in a few minutes. 
[warn] !  functions:  failed to create function projects/teste-aa015/locations/us-central1/functions/makeuppercase 
[error] Failed to create function projects/teste-aa015/locations/us-central1/functions/makeuppercase
[debug] [2024-05-27T14:02:22.163Z] [create-default-us-central1-addmessage] Retrying task index 0
[debug] [2024-05-27T14:02:22.165Z] >>> [apiv2][query] GET https://cloudfunctions.googleapis.com/v2/projects/teste-aa015/locations/us-central1/operations/operation-1716818507789-6196ff54cf4c2-2da92deb-9b2401c3 [none]
[debug] [2024-05-27T14:02:23.402Z] <<< [apiv2][status] GET https://cloudfunctions.googleapis.com/v2/projects/teste-aa015/locations/us-central1/operations/operation-1716818507789-6196ff54cf4c2-2da92deb-9b2401c3 200
[debug] [2024-05-27T14:02:23.403Z] <<< [apiv2][body] GET https://cloudfunctions.googleapis.com/v2/projects/teste-aa015/locations/us-central1/operations/operation-1716818507789-6196ff54cf4c2-2da92deb-9b2401c3 {"name":"projects/teste-aa015/locations/us-central1/operations/operation-1716818507789-6196ff54cf4c2-2da92deb-9b2401c3","metadata":{"@type":"type.googleapis.com/google.cloud.functions.v2.OperationMetadata","createTime":"2024-05-27T14:01:48.996058845Z","target":"projects/teste-aa015/locations/us-central1/functions/addmessage","verb":"create","cancelRequested":false,"apiVersion":"v2","requestResource":{"@type":"type.googleapis.com/google.cloud.functions.v2.Function","name":"projects/teste-aa015/locations/us-central1/functions/addmessage","buildConfig":{"runtime":"nodejs18","entryPoint":"addmessage","source":{"storageSource":{"bucket":"gcf-v2-sources-99960275074-us-central1","object":"addmessage/function-source.zip","generation":"1716818508737854"}},"environmentVariables":{"GOOGLE_NODE_RUN_SCRIPTS":""}},"serviceConfig":{"service":"projects/teste-aa015/locations/us-central1/services/addmessage","timeoutSeconds":60,"environmentVariables":{"FIREBASE_CONFIG":"{\"projectId\":\"teste-aa015\",\"storageBucket\":\"teste-aa015.appspot.com\",\"locationId\":\"southamerica-east1\"}","GCLOUD_PROJECT":"teste-aa015","EVENTARC_CLOUD_EVENT_SOURCE":"projects/teste-aa015/locations/us-central1/services/addmessage","FUNCTION_TARGET":"addmessage"},"ingressSettings":"ALLOW_ALL","serviceAccountEmail":"99960275074-compute@developer.gserviceaccount.com","availableMemory":"256Mi","maxInstanceRequestConcurrency":80,"availableCpu":"1"},"labels":{"deployment-tool":"cli-firebase","firebase-functions-hash":"639274f03ab94aabbe83168d48871c2082baf3ff"},"environment":"GEN_2"},"stages":[{"name":"BUILD","message":"Build in progress","state":"IN_PROGRESS","resource":"projects/99960275074/locations/us-central1/builds/a874623b-94eb-4055-ba5c-209f4a88774a","resourceUri":"https://console.cloud.google.com/cloud-build/builds;region=us-central1/a874623b-94eb-4055-ba5c-209f4a88774a?project=99960275074"},{"name":"SERVICE","state":"NOT_STARTED"}],"operationType":"CREATE_FUNCTION"},"done":false}
[debug] [2024-05-27T14:02:33.419Z] [create-default-us-central1-addmessage] Retrying task index 0
[debug] [2024-05-27T14:02:33.422Z] >>> [apiv2][query] GET https://cloudfunctions.googleapis.com/v2/projects/teste-aa015/locations/us-central1/operations/operation-1716818507789-6196ff54cf4c2-2da92deb-9b2401c3 [none]
[debug] [2024-05-27T14:02:34.877Z] <<< [apiv2][status] GET https://cloudfunctions.googleapis.com/v2/projects/teste-aa015/locations/us-central1/operations/operation-1716818507789-6196ff54cf4c2-2da92deb-9b2401c3 200
[debug] [2024-05-27T14:02:34.878Z] <<< [apiv2][body] GET https://cloudfunctions.googleapis.com/v2/projects/teste-aa015/locations/us-central1/operations/operation-1716818507789-6196ff54cf4c2-2da92deb-9b2401c3 {"name":"projects/teste-aa015/locations/us-central1/operations/operation-1716818507789-6196ff54cf4c2-2da92deb-9b2401c3","metadata":{"@type":"type.googleapis.com/google.cloud.functions.v2.OperationMetadata","createTime":"2024-05-27T14:01:48.996058845Z","target":"projects/teste-aa015/locations/us-central1/functions/addmessage","verb":"create","cancelRequested":false,"apiVersion":"v2","requestResource":{"@type":"type.googleapis.com/google.cloud.functions.v2.Function","name":"projects/teste-aa015/locations/us-central1/functions/addmessage","buildConfig":{"runtime":"nodejs18","entryPoint":"addmessage","source":{"storageSource":{"bucket":"gcf-v2-sources-99960275074-us-central1","object":"addmessage/function-source.zip","generation":"1716818508737854"}},"environmentVariables":{"GOOGLE_NODE_RUN_SCRIPTS":""}},"serviceConfig":{"service":"projects/teste-aa015/locations/us-central1/services/addmessage","timeoutSeconds":60,"environmentVariables":{"FIREBASE_CONFIG":"{\"projectId\":\"teste-aa015\",\"storageBucket\":\"teste-aa015.appspot.com\",\"locationId\":\"southamerica-east1\"}","GCLOUD_PROJECT":"teste-aa015","EVENTARC_CLOUD_EVENT_SOURCE":"projects/teste-aa015/locations/us-central1/services/addmessage","FUNCTION_TARGET":"addmessage"},"ingressSettings":"ALLOW_ALL","serviceAccountEmail":"99960275074-compute@developer.gserviceaccount.com","availableMemory":"256Mi","maxInstanceRequestConcurrency":80,"availableCpu":"1"},"labels":{"deployment-tool":"cli-firebase","firebase-functions-hash":"639274f03ab94aabbe83168d48871c2082baf3ff"},"environment":"GEN_2"},"stages":[{"name":"BUILD","message":"Build in progress","state":"IN_PROGRESS","resource":"projects/99960275074/locations/us-central1/builds/a874623b-94eb-4055-ba5c-209f4a88774a","resourceUri":"https://console.cloud.google.com/cloud-build/builds;region=us-central1/a874623b-94eb-4055-ba5c-209f4a88774a?project=99960275074"},{"name":"SERVICE","state":"NOT_STARTED"}],"operationType":"CREATE_FUNCTION"},"done":false}
[debug] [2024-05-27T14:02:44.891Z] [create-default-us-central1-addmessage] Retrying task index 0
[debug] [2024-05-27T14:02:44.893Z] >>> [apiv2][query] GET https://cloudfunctions.googleapis.com/v2/projects/teste-aa015/locations/us-central1/operations/operation-1716818507789-6196ff54cf4c2-2da92deb-9b2401c3 [none]
[debug] [2024-05-27T14:02:46.147Z] <<< [apiv2][status] GET https://cloudfunctions.googleapis.com/v2/projects/teste-aa015/locations/us-central1/operations/operation-1716818507789-6196ff54cf4c2-2da92deb-9b2401c3 200
[debug] [2024-05-27T14:02:46.148Z] <<< [apiv2][body] GET https://cloudfunctions.googleapis.com/v2/projects/teste-aa015/locations/us-central1/operations/operation-1716818507789-6196ff54cf4c2-2da92deb-9b2401c3 {"name":"projects/teste-aa015/locations/us-central1/operations/operation-1716818507789-6196ff54cf4c2-2da92deb-9b2401c3","metadata":{"@type":"type.googleapis.com/google.cloud.functions.v2.OperationMetadata","createTime":"2024-05-27T14:01:48.996058845Z","target":"projects/teste-aa015/locations/us-central1/functions/addmessage","verb":"create","cancelRequested":false,"apiVersion":"v2","requestResource":{"@type":"type.googleapis.com/google.cloud.functions.v2.Function","name":"projects/teste-aa015/locations/us-central1/functions/addmessage","buildConfig":{"runtime":"nodejs18","entryPoint":"addmessage","source":{"storageSource":{"bucket":"gcf-v2-sources-99960275074-us-central1","object":"addmessage/function-source.zip","generation":"1716818508737854"}},"environmentVariables":{"GOOGLE_NODE_RUN_SCRIPTS":""}},"serviceConfig":{"service":"projects/teste-aa015/locations/us-central1/services/addmessage","timeoutSeconds":60,"environmentVariables":{"FIREBASE_CONFIG":"{\"projectId\":\"teste-aa015\",\"storageBucket\":\"teste-aa015.appspot.com\",\"locationId\":\"southamerica-east1\"}","GCLOUD_PROJECT":"teste-aa015","EVENTARC_CLOUD_EVENT_SOURCE":"projects/teste-aa015/locations/us-central1/services/addmessage","FUNCTION_TARGET":"addmessage"},"ingressSettings":"ALLOW_ALL","serviceAccountEmail":"99960275074-compute@developer.gserviceaccount.com","availableMemory":"256Mi","maxInstanceRequestConcurrency":80,"availableCpu":"1"},"labels":{"deployment-tool":"cli-firebase","firebase-functions-hash":"639274f03ab94aabbe83168d48871c2082baf3ff"},"environment":"GEN_2"},"stages":[{"name":"BUILD","message":"Build in progress","state":"IN_PROGRESS","resource":"projects/99960275074/locations/us-central1/builds/a874623b-94eb-4055-ba5c-209f4a88774a","resourceUri":"https://console.cloud.google.com/cloud-build/builds;region=us-central1/a874623b-94eb-4055-ba5c-209f4a88774a?project=99960275074"},{"name":"SERVICE","state":"NOT_STARTED"}],"operationType":"CREATE_FUNCTION"},"done":false}
[debug] [2024-05-27T14:02:56.164Z] [create-default-us-central1-addmessage] Retrying task index 0
[debug] [2024-05-27T14:02:56.165Z] >>> [apiv2][query] GET https://cloudfunctions.googleapis.com/v2/projects/teste-aa015/locations/us-central1/operations/operation-1716818507789-6196ff54cf4c2-2da92deb-9b2401c3 [none]
[debug] [2024-05-27T14:02:57.277Z] <<< [apiv2][status] GET https://cloudfunctions.googleapis.com/v2/projects/teste-aa015/locations/us-central1/operations/operation-1716818507789-6196ff54cf4c2-2da92deb-9b2401c3 200
[debug] [2024-05-27T14:02:57.278Z] <<< [apiv2][body] GET https://cloudfunctions.googleapis.com/v2/projects/teste-aa015/locations/us-central1/operations/operation-1716818507789-6196ff54cf4c2-2da92deb-9b2401c3 {"name":"projects/teste-aa015/locations/us-central1/operations/operation-1716818507789-6196ff54cf4c2-2da92deb-9b2401c3","metadata":{"@type":"type.googleapis.com/google.cloud.functions.v2.OperationMetadata","createTime":"2024-05-27T14:01:48.996058845Z","target":"projects/teste-aa015/locations/us-central1/functions/addmessage","verb":"create","cancelRequested":false,"apiVersion":"v2","requestResource":{"@type":"type.googleapis.com/google.cloud.functions.v2.Function","name":"projects/teste-aa015/locations/us-central1/functions/addmessage","buildConfig":{"runtime":"nodejs18","entryPoint":"addmessage","source":{"storageSource":{"bucket":"gcf-v2-sources-99960275074-us-central1","object":"addmessage/function-source.zip","generation":"1716818508737854"}},"environmentVariables":{"GOOGLE_NODE_RUN_SCRIPTS":""}},"serviceConfig":{"service":"projects/teste-aa015/locations/us-central1/services/addmessage","timeoutSeconds":60,"environmentVariables":{"FIREBASE_CONFIG":"{\"projectId\":\"teste-aa015\",\"storageBucket\":\"teste-aa015.appspot.com\",\"locationId\":\"southamerica-east1\"}","GCLOUD_PROJECT":"teste-aa015","EVENTARC_CLOUD_EVENT_SOURCE":"projects/teste-aa015/locations/us-central1/services/addmessage","FUNCTION_TARGET":"addmessage"},"ingressSettings":"ALLOW_ALL","serviceAccountEmail":"99960275074-compute@developer.gserviceaccount.com","availableMemory":"256Mi","maxInstanceRequestConcurrency":80,"availableCpu":"1"},"labels":{"deployment-tool":"cli-firebase","firebase-functions-hash":"639274f03ab94aabbe83168d48871c2082baf3ff"},"environment":"GEN_2"},"stages":[{"name":"BUILD","message":"Build finished","state":"COMPLETE","resource":"projects/99960275074/locations/us-central1/builds/a874623b-94eb-4055-ba5c-209f4a88774a","resourceUri":"https://console.cloud.google.com/cloud-build/builds;region=us-central1/a874623b-94eb-4055-ba5c-209f4a88774a?project=99960275074"},{"name":"SERVICE","message":"Creating Cloud Run service","state":"IN_PROGRESS","resource":"projects/teste-aa015/locations/us-central1/services/addmessage","resourceUri":"https://console.cloud.google.com/run/detail/us-central1/addmessage?project=teste-aa015"}],"sourceToken":"ClZwcm9qZWN0cy85OTk2MDI3NTA3NC9sb2NhdGlvbnMvdXMtY2VudHJhbDEvYnVpbGRzL2E4NzQ2MjNiLTk0ZWItNDA1NS1iYTVjLTIwOWY0YTg4Nzc0YRJJdXMtY2VudHJhbDEtZG9ja2VyLnBrZy5kZXYvdGVzdGUtYWEwMTUvZ2NmLWFydGlmYWN0cy9hZGRtZXNzYWdlOnZlcnNpb25fMRiCgeOw9AIiP3Byb2plY3RzL3Rlc3RlLWFhMDE1L2xvY2F0aW9ucy91cy1jZW50cmFsMS9mdW5jdGlvbnMvYWRkbWVzc2FnZSoMCIml0rIGEJjgi8kDMghub2RlanMxODoA","operationType":"CREATE_FUNCTION"},"done":false}
[debug] [2024-05-27T14:02:57.279Z] Got source token ClZwcm9qZWN0cy85OTk2MDI3NTA3NC9sb2NhdGlvbnMvdXMtY2VudHJhbDEvYnVpbGRzL2E4NzQ2MjNiLTk0ZWItNDA1NS1iYTVjLTIwOWY0YTg4Nzc0YRJJdXMtY2VudHJhbDEtZG9ja2VyLnBrZy5kZXYvdGVzdGUtYWEwMTUvZ2NmLWFydGlmYWN0cy9hZGRtZXNzYWdlOnZlcnNpb25fMRiCgeOw9AIiP3Byb2plY3RzL3Rlc3RlLWFhMDE1L2xvY2F0aW9ucy91cy1jZW50cmFsMS9mdW5jdGlvbnMvYWRkbWVzc2FnZSoMCIml0rIGEJjgi8kDMghub2RlanMxODoA for region us-central1
[debug] [2024-05-27T14:03:07.279Z] [create-default-us-central1-addmessage] Retrying task index 0
[debug] [2024-05-27T14:03:07.280Z] >>> [apiv2][query] GET https://cloudfunctions.googleapis.com/v2/projects/teste-aa015/locations/us-central1/operations/operation-1716818507789-6196ff54cf4c2-2da92deb-9b2401c3 [none]
[debug] [2024-05-27T14:03:08.482Z] <<< [apiv2][status] GET https://cloudfunctions.googleapis.com/v2/projects/teste-aa015/locations/us-central1/operations/operation-1716818507789-6196ff54cf4c2-2da92deb-9b2401c3 200
[debug] [2024-05-27T14:03:08.483Z] <<< [apiv2][body] GET https://cloudfunctions.googleapis.com/v2/projects/teste-aa015/locations/us-central1/operations/operation-1716818507789-6196ff54cf4c2-2da92deb-9b2401c3 {"name":"projects/teste-aa015/locations/us-central1/operations/operation-1716818507789-6196ff54cf4c2-2da92deb-9b2401c3","metadata":{"@type":"type.googleapis.com/google.cloud.functions.v2.OperationMetadata","createTime":"2024-05-27T14:01:48.996058845Z","target":"projects/teste-aa015/locations/us-central1/functions/addmessage","verb":"create","cancelRequested":false,"apiVersion":"v2","requestResource":{"@type":"type.googleapis.com/google.cloud.functions.v2.Function","name":"projects/teste-aa015/locations/us-central1/functions/addmessage","buildConfig":{"runtime":"nodejs18","entryPoint":"addmessage","source":{"storageSource":{"bucket":"gcf-v2-sources-99960275074-us-central1","object":"addmessage/function-source.zip","generation":"1716818508737854"}},"environmentVariables":{"GOOGLE_NODE_RUN_SCRIPTS":""}},"serviceConfig":{"service":"projects/teste-aa015/locations/us-central1/services/addmessage","timeoutSeconds":60,"environmentVariables":{"FIREBASE_CONFIG":"{\"projectId\":\"teste-aa015\",\"storageBucket\":\"teste-aa015.appspot.com\",\"locationId\":\"southamerica-east1\"}","GCLOUD_PROJECT":"teste-aa015","EVENTARC_CLOUD_EVENT_SOURCE":"projects/teste-aa015/locations/us-central1/services/addmessage","FUNCTION_TARGET":"addmessage"},"ingressSettings":"ALLOW_ALL","serviceAccountEmail":"99960275074-compute@developer.gserviceaccount.com","availableMemory":"256Mi","maxInstanceRequestConcurrency":80,"availableCpu":"1"},"labels":{"deployment-tool":"cli-firebase","firebase-functions-hash":"639274f03ab94aabbe83168d48871c2082baf3ff"},"environment":"GEN_2"},"stages":[{"name":"BUILD","message":"Build finished","state":"COMPLETE","resource":"projects/99960275074/locations/us-central1/builds/a874623b-94eb-4055-ba5c-209f4a88774a","resourceUri":"https://console.cloud.google.com/cloud-build/builds;region=us-central1/a874623b-94eb-4055-ba5c-209f4a88774a?project=99960275074"},{"name":"SERVICE","message":"Creating Cloud Run service","state":"IN_PROGRESS","resource":"projects/teste-aa015/locations/us-central1/services/addmessage","resourceUri":"https://console.cloud.google.com/run/detail/us-central1/addmessage?project=teste-aa015"}],"sourceToken":"ClZwcm9qZWN0cy85OTk2MDI3NTA3NC9sb2NhdGlvbnMvdXMtY2VudHJhbDEvYnVpbGRzL2E4NzQ2MjNiLTk0ZWItNDA1NS1iYTVjLTIwOWY0YTg4Nzc0YRJJdXMtY2VudHJhbDEtZG9ja2VyLnBrZy5kZXYvdGVzdGUtYWEwMTUvZ2NmLWFydGlmYWN0cy9hZGRtZXNzYWdlOnZlcnNpb25fMRiCgeOw9AIiP3Byb2plY3RzL3Rlc3RlLWFhMDE1L2xvY2F0aW9ucy91cy1jZW50cmFsMS9mdW5jdGlvbnMvYWRkbWVzc2FnZSoMCIml0rIGEJjgi8kDMghub2RlanMxODoA","operationType":"CREATE_FUNCTION"},"done":false}
[debug] [2024-05-27T14:03:08.483Z] Got source token ClZwcm9qZWN0cy85OTk2MDI3NTA3NC9sb2NhdGlvbnMvdXMtY2VudHJhbDEvYnVpbGRzL2E4NzQ2MjNiLTk0ZWItNDA1NS1iYTVjLTIwOWY0YTg4Nzc0YRJJdXMtY2VudHJhbDEtZG9ja2VyLnBrZy5kZXYvdGVzdGUtYWEwMTUvZ2NmLWFydGlmYWN0cy9hZGRtZXNzYWdlOnZlcnNpb25fMRiCgeOw9AIiP3Byb2plY3RzL3Rlc3RlLWFhMDE1L2xvY2F0aW9ucy91cy1jZW50cmFsMS9mdW5jdGlvbnMvYWRkbWVzc2FnZSoMCIml0rIGEJjgi8kDMghub2RlanMxODoA for region us-central1
[debug] [2024-05-27T14:03:18.496Z] [create-default-us-central1-addmessage] Retrying task index 0
[debug] [2024-05-27T14:03:18.498Z] >>> [apiv2][query] GET https://cloudfunctions.googleapis.com/v2/projects/teste-aa015/locations/us-central1/operations/operation-1716818507789-6196ff54cf4c2-2da92deb-9b2401c3 [none]
[debug] [2024-05-27T14:03:19.601Z] <<< [apiv2][status] GET https://cloudfunctions.googleapis.com/v2/projects/teste-aa015/locations/us-central1/operations/operation-1716818507789-6196ff54cf4c2-2da92deb-9b2401c3 200
[debug] [2024-05-27T14:03:19.602Z] <<< [apiv2][body] GET https://cloudfunctions.googleapis.com/v2/projects/teste-aa015/locations/us-central1/operations/operation-1716818507789-6196ff54cf4c2-2da92deb-9b2401c3 {"name":"projects/teste-aa015/locations/us-central1/operations/operation-1716818507789-6196ff54cf4c2-2da92deb-9b2401c3","metadata":{"@type":"type.googleapis.com/google.cloud.functions.v2.OperationMetadata","createTime":"2024-05-27T14:01:48.996058845Z","target":"projects/teste-aa015/locations/us-central1/functions/addmessage","verb":"create","cancelRequested":false,"apiVersion":"v2","requestResource":{"@type":"type.googleapis.com/google.cloud.functions.v2.Function","name":"projects/teste-aa015/locations/us-central1/functions/addmessage","buildConfig":{"runtime":"nodejs18","entryPoint":"addmessage","source":{"storageSource":{"bucket":"gcf-v2-sources-99960275074-us-central1","object":"addmessage/function-source.zip","generation":"1716818508737854"}},"environmentVariables":{"GOOGLE_NODE_RUN_SCRIPTS":""}},"serviceConfig":{"service":"projects/teste-aa015/locations/us-central1/services/addmessage","timeoutSeconds":60,"environmentVariables":{"FIREBASE_CONFIG":"{\"projectId\":\"teste-aa015\",\"storageBucket\":\"teste-aa015.appspot.com\",\"locationId\":\"southamerica-east1\"}","GCLOUD_PROJECT":"teste-aa015","EVENTARC_CLOUD_EVENT_SOURCE":"projects/teste-aa015/locations/us-central1/services/addmessage","FUNCTION_TARGET":"addmessage"},"ingressSettings":"ALLOW_ALL","serviceAccountEmail":"99960275074-compute@developer.gserviceaccount.com","availableMemory":"256Mi","maxInstanceRequestConcurrency":80,"availableCpu":"1"},"labels":{"deployment-tool":"cli-firebase","firebase-functions-hash":"639274f03ab94aabbe83168d48871c2082baf3ff"},"environment":"GEN_2"},"stages":[{"name":"BUILD","message":"Build finished","state":"COMPLETE","resource":"projects/99960275074/locations/us-central1/builds/a874623b-94eb-4055-ba5c-209f4a88774a","resourceUri":"https://console.cloud.google.com/cloud-build/builds;region=us-central1/a874623b-94eb-4055-ba5c-209f4a88774a?project=99960275074"},{"name":"SERVICE","message":"Creating Cloud Run service","state":"IN_PROGRESS","resource":"projects/teste-aa015/locations/us-central1/services/addmessage","resourceUri":"https://console.cloud.google.com/run/detail/us-central1/addmessage?project=teste-aa015"}],"sourceToken":"ClZwcm9qZWN0cy85OTk2MDI3NTA3NC9sb2NhdGlvbnMvdXMtY2VudHJhbDEvYnVpbGRzL2E4NzQ2MjNiLTk0ZWItNDA1NS1iYTVjLTIwOWY0YTg4Nzc0YRJJdXMtY2VudHJhbDEtZG9ja2VyLnBrZy5kZXYvdGVzdGUtYWEwMTUvZ2NmLWFydGlmYWN0cy9hZGRtZXNzYWdlOnZlcnNpb25fMRiCgeOw9AIiP3Byb2plY3RzL3Rlc3RlLWFhMDE1L2xvY2F0aW9ucy91cy1jZW50cmFsMS9mdW5jdGlvbnMvYWRkbWVzc2FnZSoMCIml0rIGEJjgi8kDMghub2RlanMxODoA","operationType":"CREATE_FUNCTION"},"done":false}
[debug] [2024-05-27T14:03:19.602Z] Got source token ClZwcm9qZWN0cy85OTk2MDI3NTA3NC9sb2NhdGlvbnMvdXMtY2VudHJhbDEvYnVpbGRzL2E4NzQ2MjNiLTk0ZWItNDA1NS1iYTVjLTIwOWY0YTg4Nzc0YRJJdXMtY2VudHJhbDEtZG9ja2VyLnBrZy5kZXYvdGVzdGUtYWEwMTUvZ2NmLWFydGlmYWN0cy9hZGRtZXNzYWdlOnZlcnNpb25fMRiCgeOw9AIiP3Byb2plY3RzL3Rlc3RlLWFhMDE1L2xvY2F0aW9ucy91cy1jZW50cmFsMS9mdW5jdGlvbnMvYWRkbWVzc2FnZSoMCIml0rIGEJjgi8kDMghub2RlanMxODoA for region us-central1
[debug] [2024-05-27T14:03:29.615Z] [create-default-us-central1-addmessage] Retrying task index 0
[debug] [2024-05-27T14:03:29.617Z] >>> [apiv2][query] GET https://cloudfunctions.googleapis.com/v2/projects/teste-aa015/locations/us-central1/operations/operation-1716818507789-6196ff54cf4c2-2da92deb-9b2401c3 [none]
[debug] [2024-05-27T14:03:30.711Z] <<< [apiv2][status] GET https://cloudfunctions.googleapis.com/v2/projects/teste-aa015/locations/us-central1/operations/operation-1716818507789-6196ff54cf4c2-2da92deb-9b2401c3 200
[debug] [2024-05-27T14:03:30.712Z] <<< [apiv2][body] GET https://cloudfunctions.googleapis.com/v2/projects/teste-aa015/locations/us-central1/operations/operation-1716818507789-6196ff54cf4c2-2da92deb-9b2401c3 {"name":"projects/teste-aa015/locations/us-central1/operations/operation-1716818507789-6196ff54cf4c2-2da92deb-9b2401c3","metadata":{"@type":"type.googleapis.com/google.cloud.functions.v2.OperationMetadata","createTime":"2024-05-27T14:01:48.996058845Z","target":"projects/teste-aa015/locations/us-central1/functions/addmessage","verb":"create","cancelRequested":false,"apiVersion":"v2","requestResource":{"@type":"type.googleapis.com/google.cloud.functions.v2.Function","name":"projects/teste-aa015/locations/us-central1/functions/addmessage","buildConfig":{"runtime":"nodejs18","entryPoint":"addmessage","source":{"storageSource":{"bucket":"gcf-v2-sources-99960275074-us-central1","object":"addmessage/function-source.zip","generation":"1716818508737854"}},"environmentVariables":{"GOOGLE_NODE_RUN_SCRIPTS":""}},"serviceConfig":{"service":"projects/teste-aa015/locations/us-central1/services/addmessage","timeoutSeconds":60,"environmentVariables":{"FIREBASE_CONFIG":"{\"projectId\":\"teste-aa015\",\"storageBucket\":\"teste-aa015.appspot.com\",\"locationId\":\"southamerica-east1\"}","GCLOUD_PROJECT":"teste-aa015","EVENTARC_CLOUD_EVENT_SOURCE":"projects/teste-aa015/locations/us-central1/services/addmessage","FUNCTION_TARGET":"addmessage"},"ingressSettings":"ALLOW_ALL","serviceAccountEmail":"99960275074-compute@developer.gserviceaccount.com","availableMemory":"256Mi","maxInstanceRequestConcurrency":80,"availableCpu":"1"},"labels":{"deployment-tool":"cli-firebase","firebase-functions-hash":"639274f03ab94aabbe83168d48871c2082baf3ff"},"environment":"GEN_2"},"stages":[{"name":"BUILD","message":"Build finished","state":"COMPLETE","resource":"projects/99960275074/locations/us-central1/builds/a874623b-94eb-4055-ba5c-209f4a88774a","resourceUri":"https://console.cloud.google.com/cloud-build/builds;region=us-central1/a874623b-94eb-4055-ba5c-209f4a88774a?project=99960275074"},{"name":"SERVICE","message":"Creating Cloud Run service","state":"IN_PROGRESS","resource":"projects/teste-aa015/locations/us-central1/services/addmessage","resourceUri":"https://console.cloud.google.com/run/detail/us-central1/addmessage?project=teste-aa015"}],"sourceToken":"ClZwcm9qZWN0cy85OTk2MDI3NTA3NC9sb2NhdGlvbnMvdXMtY2VudHJhbDEvYnVpbGRzL2E4NzQ2MjNiLTk0ZWItNDA1NS1iYTVjLTIwOWY0YTg4Nzc0YRJJdXMtY2VudHJhbDEtZG9ja2VyLnBrZy5kZXYvdGVzdGUtYWEwMTUvZ2NmLWFydGlmYWN0cy9hZGRtZXNzYWdlOnZlcnNpb25fMRiCgeOw9AIiP3Byb2plY3RzL3Rlc3RlLWFhMDE1L2xvY2F0aW9ucy91cy1jZW50cmFsMS9mdW5jdGlvbnMvYWRkbWVzc2FnZSoMCIml0rIGEJjgi8kDMghub2RlanMxODoA","operationType":"CREATE_FUNCTION"},"done":false}
[debug] [2024-05-27T14:03:30.712Z] Got source token ClZwcm9qZWN0cy85OTk2MDI3NTA3NC9sb2NhdGlvbnMvdXMtY2VudHJhbDEvYnVpbGRzL2E4NzQ2MjNiLTk0ZWItNDA1NS1iYTVjLTIwOWY0YTg4Nzc0YRJJdXMtY2VudHJhbDEtZG9ja2VyLnBrZy5kZXYvdGVzdGUtYWEwMTUvZ2NmLWFydGlmYWN0cy9hZGRtZXNzYWdlOnZlcnNpb25fMRiCgeOw9AIiP3Byb2plY3RzL3Rlc3RlLWFhMDE1L2xvY2F0aW9ucy91cy1jZW50cmFsMS9mdW5jdGlvbnMvYWRkbWVzc2FnZSoMCIml0rIGEJjgi8kDMghub2RlanMxODoA for region us-central1
[debug] [2024-05-27T14:03:40.721Z] [create-default-us-central1-addmessage] Retrying task index 0
[debug] [2024-05-27T14:03:40.722Z] >>> [apiv2][query] GET https://cloudfunctions.googleapis.com/v2/projects/teste-aa015/locations/us-central1/operations/operation-1716818507789-6196ff54cf4c2-2da92deb-9b2401c3 [none]
[debug] [2024-05-27T14:03:41.803Z] <<< [apiv2][status] GET https://cloudfunctions.googleapis.com/v2/projects/teste-aa015/locations/us-central1/operations/operation-1716818507789-6196ff54cf4c2-2da92deb-9b2401c3 200
[debug] [2024-05-27T14:03:41.804Z] <<< [apiv2][body] GET https://cloudfunctions.googleapis.com/v2/projects/teste-aa015/locations/us-central1/operations/operation-1716818507789-6196ff54cf4c2-2da92deb-9b2401c3 {"name":"projects/teste-aa015/locations/us-central1/operations/operation-1716818507789-6196ff54cf4c2-2da92deb-9b2401c3","metadata":{"@type":"type.googleapis.com/google.cloud.functions.v2.OperationMetadata","createTime":"2024-05-27T14:01:48.996058845Z","target":"projects/teste-aa015/locations/us-central1/functions/addmessage","verb":"create","cancelRequested":false,"apiVersion":"v2","requestResource":{"@type":"type.googleapis.com/google.cloud.functions.v2.Function","name":"projects/teste-aa015/locations/us-central1/functions/addmessage","buildConfig":{"runtime":"nodejs18","entryPoint":"addmessage","source":{"storageSource":{"bucket":"gcf-v2-sources-99960275074-us-central1","object":"addmessage/function-source.zip","generation":"1716818508737854"}},"environmentVariables":{"GOOGLE_NODE_RUN_SCRIPTS":""}},"serviceConfig":{"service":"projects/teste-aa015/locations/us-central1/services/addmessage","timeoutSeconds":60,"environmentVariables":{"FIREBASE_CONFIG":"{\"projectId\":\"teste-aa015\",\"storageBucket\":\"teste-aa015.appspot.com\",\"locationId\":\"southamerica-east1\"}","GCLOUD_PROJECT":"teste-aa015","EVENTARC_CLOUD_EVENT_SOURCE":"projects/teste-aa015/locations/us-central1/services/addmessage","FUNCTION_TARGET":"addmessage"},"ingressSettings":"ALLOW_ALL","serviceAccountEmail":"99960275074-compute@developer.gserviceaccount.com","availableMemory":"256Mi","maxInstanceRequestConcurrency":80,"availableCpu":"1"},"labels":{"deployment-tool":"cli-firebase","firebase-functions-hash":"639274f03ab94aabbe83168d48871c2082baf3ff"},"environment":"GEN_2"},"stages":[{"name":"BUILD","message":"Build finished","state":"COMPLETE","resource":"projects/99960275074/locations/us-central1/builds/a874623b-94eb-4055-ba5c-209f4a88774a","resourceUri":"https://console.cloud.google.com/cloud-build/builds;region=us-central1/a874623b-94eb-4055-ba5c-209f4a88774a?project=99960275074"},{"name":"SERVICE","message":"Creating Cloud Run service","state":"IN_PROGRESS","resource":"projects/teste-aa015/locations/us-central1/services/addmessage","resourceUri":"https://console.cloud.google.com/run/detail/us-central1/addmessage?project=teste-aa015"}],"sourceToken":"ClZwcm9qZWN0cy85OTk2MDI3NTA3NC9sb2NhdGlvbnMvdXMtY2VudHJhbDEvYnVpbGRzL2E4NzQ2MjNiLTk0ZWItNDA1NS1iYTVjLTIwOWY0YTg4Nzc0YRJJdXMtY2VudHJhbDEtZG9ja2VyLnBrZy5kZXYvdGVzdGUtYWEwMTUvZ2NmLWFydGlmYWN0cy9hZGRtZXNzYWdlOnZlcnNpb25fMRiCgeOw9AIiP3Byb2plY3RzL3Rlc3RlLWFhMDE1L2xvY2F0aW9ucy91cy1jZW50cmFsMS9mdW5jdGlvbnMvYWRkbWVzc2FnZSoMCIml0rIGEJjgi8kDMghub2RlanMxODoA","operationType":"CREATE_FUNCTION"},"done":false}
[debug] [2024-05-27T14:03:41.805Z] Got source token ClZwcm9qZWN0cy85OTk2MDI3NTA3NC9sb2NhdGlvbnMvdXMtY2VudHJhbDEvYnVpbGRzL2E4NzQ2MjNiLTk0ZWItNDA1NS1iYTVjLTIwOWY0YTg4Nzc0YRJJdXMtY2VudHJhbDEtZG9ja2VyLnBrZy5kZXYvdGVzdGUtYWEwMTUvZ2NmLWFydGlmYWN0cy9hZGRtZXNzYWdlOnZlcnNpb25fMRiCgeOw9AIiP3Byb2plY3RzL3Rlc3RlLWFhMDE1L2xvY2F0aW9ucy91cy1jZW50cmFsMS9mdW5jdGlvbnMvYWRkbWVzc2FnZSoMCIml0rIGEJjgi8kDMghub2RlanMxODoA for region us-central1
[debug] [2024-05-27T14:03:51.818Z] [create-default-us-central1-addmessage] Retrying task index 0
[debug] [2024-05-27T14:03:51.820Z] >>> [apiv2][query] GET https://cloudfunctions.googleapis.com/v2/projects/teste-aa015/locations/us-central1/operations/operation-1716818507789-6196ff54cf4c2-2da92deb-9b2401c3 [none]
[debug] [2024-05-27T14:03:53.047Z] <<< [apiv2][status] GET https://cloudfunctions.googleapis.com/v2/projects/teste-aa015/locations/us-central1/operations/operation-1716818507789-6196ff54cf4c2-2da92deb-9b2401c3 200
[debug] [2024-05-27T14:03:53.052Z] <<< [apiv2][body] GET https://cloudfunctions.googleapis.com/v2/projects/teste-aa015/locations/us-central1/operations/operation-1716818507789-6196ff54cf4c2-2da92deb-9b2401c3 {"name":"projects/teste-aa015/locations/us-central1/operations/operation-1716818507789-6196ff54cf4c2-2da92deb-9b2401c3","metadata":{"@type":"type.googleapis.com/google.cloud.functions.v2.OperationMetadata","createTime":"2024-05-27T14:01:48.996058845Z","endTime":"2024-05-27T14:03:43.951311716Z","target":"projects/teste-aa015/locations/us-central1/functions/addmessage","verb":"create","cancelRequested":false,"apiVersion":"v2","requestResource":{"@type":"type.googleapis.com/google.cloud.functions.v2.Function","name":"projects/teste-aa015/locations/us-central1/functions/addmessage","buildConfig":{"runtime":"nodejs18","entryPoint":"addmessage","source":{"storageSource":{"bucket":"gcf-v2-sources-99960275074-us-central1","object":"addmessage/function-source.zip","generation":"1716818508737854"}},"environmentVariables":{"GOOGLE_NODE_RUN_SCRIPTS":""}},"serviceConfig":{"service":"projects/teste-aa015/locations/us-central1/services/addmessage","timeoutSeconds":60,"environmentVariables":{"FIREBASE_CONFIG":"{\"projectId\":\"teste-aa015\",\"storageBucket\":\"teste-aa015.appspot.com\",\"locationId\":\"southamerica-east1\"}","GCLOUD_PROJECT":"teste-aa015","EVENTARC_CLOUD_EVENT_SOURCE":"projects/teste-aa015/locations/us-central1/services/addmessage","FUNCTION_TARGET":"addmessage"},"ingressSettings":"ALLOW_ALL","serviceAccountEmail":"99960275074-compute@developer.gserviceaccount.com","availableMemory":"256Mi","maxInstanceRequestConcurrency":80,"availableCpu":"1"},"labels":{"deployment-tool":"cli-firebase","firebase-functions-hash":"639274f03ab94aabbe83168d48871c2082baf3ff"},"environment":"GEN_2"},"stages":[{"name":"BUILD","message":"Build finished","state":"COMPLETE","resource":"projects/99960275074/locations/us-central1/builds/a874623b-94eb-4055-ba5c-209f4a88774a","resourceUri":"https://console.cloud.google.com/cloud-build/builds;region=us-central1/a874623b-94eb-4055-ba5c-209f4a88774a?project=99960275074"},{"name":"SERVICE","message":"Creating Cloud Run service","state":"COMPLETE","resource":"projects/teste-aa015/locations/us-central1/services/addmessage","resourceUri":"https://console.cloud.google.com/run/detail/us-central1/addmessage?project=teste-aa015"}],"sourceToken":"ClZwcm9qZWN0cy85OTk2MDI3NTA3NC9sb2NhdGlvbnMvdXMtY2VudHJhbDEvYnVpbGRzL2E4NzQ2MjNiLTk0ZWItNDA1NS1iYTVjLTIwOWY0YTg4Nzc0YRJJdXMtY2VudHJhbDEtZG9ja2VyLnBrZy5kZXYvdGVzdGUtYWEwMTUvZ2NmLWFydGlmYWN0cy9hZGRtZXNzYWdlOnZlcnNpb25fMRiCgeOw9AIiP3Byb2plY3RzL3Rlc3RlLWFhMDE1L2xvY2F0aW9ucy91cy1jZW50cmFsMS9mdW5jdGlvbnMvYWRkbWVzc2FnZSoMCIml0rIGEJjgi8kDMghub2RlanMxODoA","operationType":"CREATE_FUNCTION"},"done":true,"response":{"@type":"type.googleapis.com/google.cloud.functions.v2.Function","name":"projects/teste-aa015/locations/us-central1/functions/addmessage","buildConfig":{"build":"projects/99960275074/locations/us-central1/builds/a874623b-94eb-4055-ba5c-209f4a88774a","runtime":"nodejs18","entryPoint":"addmessage","source":{"storageSource":{"bucket":"gcf-v2-sources-99960275074-us-central1","object":"addmessage/function-source.zip","generation":"1716818508737854"}},"environmentVariables":{"GOOGLE_NODE_RUN_SCRIPTS":""},"dockerRepository":"projects/teste-aa015/locations/us-central1/repositories/gcf-artifacts","sourceProvenance":{"resolvedStorageSource":{"bucket":"gcf-v2-sources-99960275074-us-central1","object":"addmessage/function-source.zip","generation":"1716818508737854"}},"dockerRegistry":"ARTIFACT_REGISTRY"},"serviceConfig":{"service":"projects/teste-aa015/locations/us-central1/services/addmessage","timeoutSeconds":60,"environmentVariables":{"FIREBASE_CONFIG":"{\"projectId\":\"teste-aa015\",\"storageBucket\":\"teste-aa015.appspot.com\",\"locationId\":\"southamerica-east1\"}","GCLOUD_PROJECT":"teste-aa015","EVENTARC_CLOUD_EVENT_SOURCE":"projects/teste-aa015/locations/us-central1/services/addmessage","FUNCTION_TARGET":"addmessage"},"maxInstanceCount":100,"ingressSettings":"ALLOW_ALL","uri":"https://addmessage-apkyuatnra-uc.a.run.app","serviceAccountEmail":"99960275074-compute@developer.gserviceaccount.com","availableMemory":"256Mi","allTrafficOnLatestRevision":true,"revision":"addmessage-00001-sem","maxInstanceRequestConcurrency":80,"availableCpu":"1"},"state":"ACTIVE","updateTime":"2024-05-27T14:01:48.989701881Z","labels":{"deployment-tool":"cli-firebase","firebase-functions-hash":"639274f03ab94aabbe83168d48871c2082baf3ff"},"environment":"GEN_2","url":"https://us-central1-teste-aa015.cloudfunctions.net/addmessage","createTime":"2024-05-27T14:01:48.989701881Z"}}
[debug] [2024-05-27T14:03:53.054Z] Got source token ClZwcm9qZWN0cy85OTk2MDI3NTA3NC9sb2NhdGlvbnMvdXMtY2VudHJhbDEvYnVpbGRzL2E4NzQ2MjNiLTk0ZWItNDA1NS1iYTVjLTIwOWY0YTg4Nzc0YRJJdXMtY2VudHJhbDEtZG9ja2VyLnBrZy5kZXYvdGVzdGUtYWEwMTUvZ2NmLWFydGlmYWN0cy9hZGRtZXNzYWdlOnZlcnNpb25fMRiCgeOw9AIiP3Byb2plY3RzL3Rlc3RlLWFhMDE1L2xvY2F0aW9ucy91cy1jZW50cmFsMS9mdW5jdGlvbnMvYWRkbWVzc2FnZSoMCIml0rIGEJjgi8kDMghub2RlanMxODoA for region us-central1
[debug] [2024-05-27T14:03:53.058Z] >>> [apiv2][query] POST https://run.googleapis.com/v1/projects/teste-aa015/locations/us-central1/services/addmessage:setIamPolicy [none]
[debug] [2024-05-27T14:03:53.059Z] >>> [apiv2][body] POST https://run.googleapis.com/v1/projects/teste-aa015/locations/us-central1/services/addmessage:setIamPolicy {"policy":{"bindings":[{"role":"roles/run.invoker","members":["allUsers"]}],"etag":"","version":3},"updateMask":"bindings,etag,version"}
[debug] [2024-05-27T14:03:54.334Z] <<< [apiv2][status] POST https://run.googleapis.com/v1/projects/teste-aa015/locations/us-central1/services/addmessage:setIamPolicy 200
[debug] [2024-05-27T14:03:54.335Z] <<< [apiv2][body] POST https://run.googleapis.com/v1/projects/teste-aa015/locations/us-central1/services/addmessage:setIamPolicy {"version":1,"etag":"BwYZb/zLyfQ=","bindings":[{"role":"roles/run.invoker","members":["allUsers"]}]}
[info] +  functions[addmessage(us-central1)] Successful create operation. 
[debug] [2024-05-27T14:03:54.369Z] Total Function Deployment time: 126844
[debug] [2024-05-27T14:03:54.370Z] 2 Functions Deployed
[debug] [2024-05-27T14:03:54.370Z] 1 Functions Errored
[debug] [2024-05-27T14:03:54.370Z] 0 Function Deployments Aborted
[debug] [2024-05-27T14:03:54.370Z] Average Function Deployment time: 76038.5
[info] 
[info] Functions deploy had errors with the following functions:
	makeuppercase(us-central1)
[info] Function URL (addmessage(us-central1)): https://addmessage-apkyuatnra-uc.a.run.app
[info] i  functions: cleaning up build files... 
[debug] [2024-05-27T14:03:54.584Z] >>> [apiv2][query] DELETE https://artifactregistry.googleapis.com/v1beta2/projects/teste-aa015/locations/us-central1/repositories/gcf-artifacts/packages/addmessage [none]
[debug] [2024-05-27T14:03:54.588Z] >>> [apiv2][query] DELETE https://artifactregistry.googleapis.com/v1beta2/projects/teste-aa015/locations/us-central1/repositories/gcf-artifacts/packages/makeuppercase [none]
[debug] [2024-05-27T14:03:54.593Z] >>> [apiv2][query] GET https://us.gcr.io/v2/teste-aa015/gcf/us-central1/tags/list [none]
[debug] [2024-05-27T14:03:55.881Z] <<< [apiv2][status] DELETE https://artifactregistry.googleapis.com/v1beta2/projects/teste-aa015/locations/us-central1/repositories/gcf-artifacts/packages/addmessage 200
[debug] [2024-05-27T14:03:55.882Z] <<< [apiv2][body] DELETE https://artifactregistry.googleapis.com/v1beta2/projects/teste-aa015/locations/us-central1/repositories/gcf-artifacts/packages/addmessage {"name":"projects/teste-aa015/locations/us-central1/operations/0ca4fca1-4740-41a4-828f-3f51f3993ae6","metadata":{"@type":"type.googleapis.com/google.devtools.artifactregistry.v1beta2.OperationMetadata"}}
[debug] [2024-05-27T14:03:55.883Z] >>> [apiv2][query] GET https://artifactregistry.googleapis.com/v1beta2/projects/teste-aa015/locations/us-central1/operations/0ca4fca1-4740-41a4-828f-3f51f3993ae6 [none]
[debug] [2024-05-27T14:03:55.944Z] <<< [apiv2][status] DELETE https://artifactregistry.googleapis.com/v1beta2/projects/teste-aa015/locations/us-central1/repositories/gcf-artifacts/packages/makeuppercase 404
[debug] [2024-05-27T14:03:55.945Z] <<< [apiv2][body] DELETE https://artifactregistry.googleapis.com/v1beta2/projects/teste-aa015/locations/us-central1/repositories/gcf-artifacts/packages/makeuppercase {"error":{"code":404,"message":"Package \"projects/teste-aa015/locations/us-central1/repositories/gcf-artifacts/packages/makeuppercase\" was not found.","status":"NOT_FOUND"}}
[debug] [2024-05-27T14:03:56.107Z] <<< [apiv2][status] GET https://us.gcr.io/v2/teste-aa015/gcf/us-central1/tags/list 404
[debug] [2024-05-27T14:03:56.108Z] <<< [apiv2][body] GET https://us.gcr.io/v2/teste-aa015/gcf/us-central1/tags/list {"errors":[{"code":"NAME_UNKNOWN","message":"Repository \"us.gcr.io\" not found"}]}
[debug] [2024-05-27T14:03:56.109Z] Failed docker command with error  HTTP Error: 404, Not Found {"name":"FirebaseError","children":[],"context":{"body":{"errors":[{"code":"NAME_UNKNOWN","message":"Repository \"us.gcr.io\" not found"}],"error":{"message":"Not Found"}},"response":{"statusCode":404}},"exit":1,"message":"HTTP Error: 404, Not Found","status":404}
[debug] [2024-05-27T14:03:56.118Z] >>> [apiv2][query] GET https://us.gcr.io/v2/teste-aa015/gcf/us-central1/tags/list [none]
[debug] [2024-05-27T14:03:57.003Z] <<< [apiv2][status] GET https://artifactregistry.googleapis.com/v1beta2/projects/teste-aa015/locations/us-central1/operations/0ca4fca1-4740-41a4-828f-3f51f3993ae6 200
[debug] [2024-05-27T14:03:57.004Z] <<< [apiv2][body] GET https://artifactregistry.googleapis.com/v1beta2/projects/teste-aa015/locations/us-central1/operations/0ca4fca1-4740-41a4-828f-3f51f3993ae6 {"name":"projects/teste-aa015/locations/us-central1/operations/0ca4fca1-4740-41a4-828f-3f51f3993ae6","metadata":{"@type":"type.googleapis.com/google.devtools.artifactregistry.v1beta2.OperationMetadata"},"done":true,"response":{"@type":"type.googleapis.com/google.protobuf.Empty"}}
[debug] [2024-05-27T14:03:57.279Z] <<< [apiv2][status] GET https://us.gcr.io/v2/teste-aa015/gcf/us-central1/tags/list 404
[debug] [2024-05-27T14:03:57.280Z] <<< [apiv2][body] GET https://us.gcr.io/v2/teste-aa015/gcf/us-central1/tags/list {"errors":[{"code":"NAME_UNKNOWN","message":"Repository \"us.gcr.io\" not found"}]}
[debug] [2024-05-27T14:03:57.281Z] Failed docker command with error  HTTP Error: 404, Not Found {"name":"FirebaseError","children":[],"context":{"body":{"errors":[{"code":"NAME_UNKNOWN","message":"Repository \"us.gcr.io\" not found"}],"error":{"message":"Not Found"}},"response":{"statusCode":404}},"exit":1,"message":"HTTP Error: 404, Not Found","status":404}
[debug] [2024-05-27T14:03:57.383Z] >>> [apiv2][query] GET https://us.gcr.io/v2/teste-aa015/gcf/us-central1/tags/list [none]
[debug] [2024-05-27T14:03:57.881Z] <<< [apiv2][status] GET https://us.gcr.io/v2/teste-aa015/gcf/us-central1/tags/list 404
[debug] [2024-05-27T14:03:57.882Z] <<< [apiv2][body] GET https://us.gcr.io/v2/teste-aa015/gcf/us-central1/tags/list {"errors":[{"code":"NAME_UNKNOWN","message":"Repository \"us.gcr.io\" not found"}]}
[debug] [2024-05-27T14:03:57.883Z] Failed docker command with error  HTTP Error: 404, Not Found {"name":"FirebaseError","children":[],"context":{"body":{"errors":[{"code":"NAME_UNKNOWN","message":"Repository \"us.gcr.io\" not found"}],"error":{"message":"Not Found"}},"response":{"statusCode":404}},"exit":1,"message":"HTTP Error: 404, Not Found","status":404}
[warn] !  functions: Unhandled error cleaning up build images. This could result in a small monthly bill if not corrected. You can attempt to delete these images by redeploying or you can delete them manually at https://console.cloud.google.com/gcr/images/teste-aa015/us/gcf 
[debug] [2024-05-27T14:03:57.889Z] Functions deploy failed.
[debug] [2024-05-27T14:03:57.890Z] {
  "endpoint": {
    "id": "makeuppercase",
    "project": "teste-aa015",
    "region": "us-central1",
    "entryPoint": "makeuppercase",
    "platform": "gcfv2",
    "runtime": "nodejs18",
    "eventTrigger": {
      "eventType": "google.cloud.firestore.document.v1.created",
      "retry": false,
      "eventFilters": {
        "database": "(default)",
        "namespace": "(default)"
      },
      "eventFilterPathPatterns": {
        "document": "messages/{documentId}"
      },
      "region": "southamerica-east1"
    },
    "labels": {
      "deployment-tool": "cli-firebase"
    },
    "ingressSettings": null,
    "availableMemoryMb": null,
    "serviceAccount": null,
    "timeoutSeconds": null,
    "maxInstances": null,
    "minInstances": null,
    "concurrency": 80,
    "vpc": null,
    "environmentVariables": {
      "FIREBASE_CONFIG": "{\"projectId\":\"teste-aa015\",\"storageBucket\":\"teste-aa015.appspot.com\",\"locationId\":\"southamerica-east1\"}",
      "GCLOUD_PROJECT": "teste-aa015",
      "EVENTARC_CLOUD_EVENT_SOURCE": "projects/teste-aa015/locations/us-central1/services/makeuppercase"
    },
    "codebase": "default",
    "cpu": 1,
    "targetedByOnly": false,
    "hash": "639274f03ab94aabbe83168d48871c2082baf3ff"
  },
  "op": "create",
  "original": {
    "name": "FirebaseError",
    "children": [],
    "context": {
      "function": "projects/teste-aa015/locations/us-central1/functions/makeuppercase"
    },
    "exit": 1,
    "message": "Failed to create function projects/teste-aa015/locations/us-central1/functions/makeuppercase",
    "original": {
      "name": "FirebaseError",
      "children": [],
      "context": {
        "body": {
          "error": {
            "code": 400,
            "message": "Validation failed for trigger projects/teste-aa015/locations/southamerica-east1/triggers/makeuppercase-910723: Invalid resource state for \"\": Permission denied while using the Eventarc Service Agent. If you recently started to use Eventarc, it may take a few minutes before all necessary permissions are propagated to the Service Agent. Otherwise, verify that it has Eventarc Service Agent role.",
            "status": "FAILED_PRECONDITION"
          }
        },
        "response": {
          "statusCode": 400
        }
      },
      "exit": 1,
      "message": "HTTP Error: 400, Validation failed for trigger projects/teste-aa015/locations/southamerica-east1/triggers/makeuppercase-910723: Invalid resource state for \"\": Permission denied while using the Eventarc Service Agent. If you recently started to use Eventarc, it may take a few minutes before all necessary permissions are propagated to the Service Agent. Otherwise, verify that it has Eventarc Service Agent role.",
      "status": 400
    },
    "status": 400,
    "code": 400
  }
}
[debug] [2024-05-27T14:03:58.093Z] Error: Failed to create function makeuppercase in region us-central1
    at C:\Users\ALY\AppData\Roaming\npm\node_modules\firebase-tools\lib\deploy\functions\release\fabricator.js:294:27
    at process.processTicksAndRejections (node:internal/process/task_queues:95:5)
    at async Fabricator.createV2Function (C:\Users\ALY\AppData\Roaming\npm\node_modules\firebase-tools\lib\deploy\functions\release\fabricator.js:278:30)
    at async Fabricator.createEndpoint (C:\Users\ALY\AppData\Roaming\npm\node_modules\firebase-tools\lib\deploy\functions\release\fabricator.js:137:13)
    at async handle (C:\Users\ALY\AppData\Roaming\npm\node_modules\firebase-tools\lib\deploy\functions\release\fabricator.js:89:17)
[error] 
[error] Error: There was an error deploying functions
